2020-06-12 19:43:38.964 -05:00 [Information] Iniciando aplicación ...
2020-06-12 20:06:18.015 -05:00 [Information] HTTP "GET" "/api/CategoriasActividad" responded 200 in 4235.0259 ms
2020-06-12 20:06:18.015 -05:00 [Information] HTTP "GET" "/api/Publicaciones" responded 200 in 4236.9176 ms
2020-06-12 20:06:18.938 -05:00 [Information] HTTP "GET" "/api/Archivo_SitioTuristico/4" responded 200 in 658.9121 ms
2020-06-12 20:06:18.938 -05:00 [Information] HTTP "GET" "/api/Archivo_SitioTuristico/5" responded 200 in 659.1530 ms
2020-06-12 20:06:19.200 -05:00 [Information] HTTP "GET" "/api/Archivo_SitioTuristico/1" responded 200 in 932.7714 ms
2020-06-12 20:06:19.274 -05:00 [Information] HTTP "GET" "/api/Archivo_SitioTuristico/2" responded 200 in 1001.3251 ms
2020-06-12 20:06:26.952 -05:00 [Information] HTTP "GET" "/api/Publicaciones" responded 200 in 20.1426 ms
2020-06-12 20:06:37.186 -05:00 [Information] HTTP "GET" "/api/Publicaciones/tipo/9" responded 200 in 131.1580 ms
2020-06-12 20:06:45.379 -05:00 [Information] HTTP "GET" "/api/Publicaciones/tipo/1" responded 200 in 10.3142 ms
2020-06-12 20:06:51.969 -05:00 [Information] HTTP "GET" "/api/Publicaciones/tipo/2" responded 200 in 11.8443 ms
2020-06-12 20:07:14.666 -05:00 [Information] HTTP "GET" "/api/Publicaciones" responded 200 in 18.2545 ms
2020-06-12 20:07:36.554 -05:00 [Information] HTTP "GET" "/api/Publicaciones/tipo/9" responded 200 in 12.3348 ms
2020-06-12 20:07:45.204 -05:00 [Information] HTTP "GET" "/api/Publicaciones/tipo/8" responded 200 in 37.7594 ms
2020-06-12 20:07:53.114 -05:00 [Information] HTTP "GET" "/api/Publicaciones/tipo/6" responded 200 in 5.8654 ms
2020-06-12 20:49:39.103 -05:00 [Information] Iniciando aplicación ...
2020-06-12 20:51:22.549 -05:00 [Information] HTTP "GET" "/api/Publicaciones" responded 200 in 3979.1810 ms
2020-06-12 20:51:22.549 -05:00 [Information] HTTP "GET" "/api/CategoriasActividad" responded 200 in 3980.4061 ms
2020-06-12 20:51:23.203 -05:00 [Information] HTTP "GET" "/api/Archivo_SitioTuristico/5" responded 200 in 463.8247 ms
2020-06-12 20:51:23.203 -05:00 [Information] HTTP "GET" "/api/Archivo_SitioTuristico/4" responded 200 in 466.2789 ms
2020-06-12 20:51:23.432 -05:00 [Information] HTTP "GET" "/api/Archivo_SitioTuristico/1" responded 200 in 693.1439 ms
2020-06-12 20:51:23.555 -05:00 [Information] HTTP "GET" "/api/Archivo_SitioTuristico/2" responded 200 in 789.5756 ms
2020-06-12 20:52:18.467 -05:00 [Information] HTTP "GET" "/api/Publicaciones/tipo/4" responded 200 in 171.5755 ms
2020-06-12 20:52:26.354 -05:00 [Information] HTTP "GET" "/api/Publicaciones" responded 200 in 33.9538 ms
