2020-06-21 15:27:36.373 -05:00 [Information] Iniciando aplicaci贸n ...
2020-06-21 15:27:40.727 -05:00 [Information] HTTP "GET" "/api/Reservas" responded 404 in 152.9344 ms
2020-06-21 15:27:45.992 -05:00 [Information] HTTP "GET" "/api/Reservas" responded 404 in 9.1467 ms
2020-06-21 15:27:55.846 -05:00 [Information] HTTP "GET" "/api/Reserva/usuario/3016" responded 200 in 1241.1977 ms
2020-06-21 15:28:41.631 -05:00 [Information] HTTP "GET" "/api/Publicaciones" responded 200 in 1091.0576 ms
2020-06-21 15:29:03.839 -05:00 [Information] HTTP "GET" "/api/Usuarios" responded 200 in 434.5520 ms
2020-06-21 15:29:14.213 -05:00 [Information] HTTP "POST" "/api/Reserva" responded 201 in 228.9659 ms
2020-06-21 15:29:17.399 -05:00 [Information] HTTP "POST" "/api/Reserva" responded 201 in 145.7852 ms
2020-06-21 15:29:20.251 -05:00 [Information] HTTP "POST" "/api/Reserva" responded 201 in 69.3442 ms
2020-06-21 15:29:23.003 -05:00 [Information] HTTP "POST" "/api/Reserva" responded 201 in 44.8082 ms
2020-06-21 15:29:27.818 -05:00 [Information] HTTP "POST" "/api/Reserva" responded 201 in 40.5997 ms
2020-06-21 15:29:30.635 -05:00 [Information] HTTP "POST" "/api/Reserva" responded 201 in 17.2864 ms
2020-06-21 15:29:35.202 -05:00 [Information] HTTP "POST" "/api/Reserva" responded 201 in 331.8919 ms
2020-06-21 15:29:39.321 -05:00 [Information] HTTP "POST" "/api/Reserva" responded 201 in 21.6736 ms
2020-06-21 15:29:56.225 -05:00 [Information] HTTP "POST" "/api/Reserva" responded 201 in 39.2886 ms
2020-06-21 15:29:58.683 -05:00 [Information] HTTP "POST" "/api/Reserva" responded 201 in 29.4039 ms
2020-06-21 15:30:14.345 -05:00 [Information] HTTP "GET" "/api/Reserva/usuario/1" responded 200 in 56.0676 ms
2020-06-21 15:53:18.848 -05:00 [Information] Iniciando aplicaci贸n ...
2020-06-21 15:53:21.702 -05:00 [Information] HTTP "GET" "/api/Reservas" responded 404 in 96.1046 ms
2020-06-21 15:53:42.013 -05:00 [Information] HTTP "GET" "/api/Reserva" responded 200 in 485.1972 ms
2020-06-21 16:40:05.281 -05:00 [Information] Iniciando aplicaci贸n ...
2020-06-21 16:40:43.505 -05:00 [Information] HTTP "GET" "/api/Reserva" responded 200 in 1064.5150 ms
2020-06-21 20:24:46.915 -05:00 [Information] Iniciando aplicaci贸n ...
2020-06-21 20:25:41.079 -05:00 [Information] HTTP "OPTIONS" "/api/Usuarios/Register" responded 204 in 64.0276 ms
2020-06-21 20:25:44.003 -05:00 [Information] HTTP "POST" "/api/Usuarios/Register" responded 201 in 2892.8574 ms
2020-06-21 20:25:52.804 -05:00 [Information] HTTP "OPTIONS" "/api/SitiosTuristicos" responded 204 in 0.8475 ms
2020-06-21 20:25:52.963 -05:00 [Information] HTTP "POST" "/api/SitiosTuristicos" responded 201 in 143.2300 ms
2020-06-21 20:25:53.067 -05:00 [Information] HTTP "OPTIONS" "/api/Usuarios/rol/1" responded 204 in 0.4951 ms
2020-06-21 20:25:53.291 -05:00 [Information] HTTP "PUT" "/api/Usuarios/rol/1" responded 204 in 194.0481 ms
2020-06-21 20:26:06.998 -05:00 [Information] HTTP "POST" "/api/Archivo_SitioTuristico" responded 201 in 176.9344 ms
2020-06-21 20:26:07.094 -05:00 [Information] HTTP "POST" "/api/Archivo_SitioTuristico" responded 201 in 305.0368 ms
2020-06-21 20:26:07.297 -05:00 [Information] HTTP "GET" "/api/Archivo_SitioTuristico/1" responded 200 in 216.1777 ms
2020-06-21 20:26:07.333 -05:00 [Information] HTTP "GET" "/api/Archivo_SitioTuristico/2" responded 200 in 205.6502 ms
2020-06-21 20:26:08.733 -05:00 [Information] HTTP "GET" "/api/SitiosTuristicos/propietario/1" responded 200 in 171.7405 ms
2020-06-21 20:26:08.834 -05:00 [Information] HTTP "GET" "/api/Archivo_SitioTuristico/sitio/1/random?1592789168773" responded 200 in 30.7337 ms
2020-06-21 20:26:14.200 -05:00 [Information] HTTP "GET" "/api/SitiosTuristicos/propietario/1" responded 200 in 15.0872 ms
2020-06-21 20:26:14.204 -05:00 [Information] HTTP "GET" "/api/SitiosTuristicos/propietario/1" responded 200 in 42.5485 ms
2020-06-21 20:26:14.233 -05:00 [Information] HTTP "GET" "/api/CategoriasActividad" responded 200 in 70.8202 ms
2020-06-21 20:26:28.422 -05:00 [Information] HTTP "OPTIONS" "/api/Publicaciones/" responded 204 in 0.4605 ms
2020-06-21 20:26:28.521 -05:00 [Information] HTTP "POST" "/api/Publicaciones/" responded 201 in 85.4795 ms
2020-06-21 20:26:28.711 -05:00 [Information] HTTP "GET" "/api/Publicaciones/actividades/1" responded 200 in 120.3669 ms
2020-06-21 20:26:32.927 -05:00 [Information] HTTP "OPTIONS" "/api/Actividades" responded 204 in 0.3396 ms
2020-06-21 20:26:33.006 -05:00 [Information] HTTP "POST" "/api/Actividades" responded 201 in 65.6451 ms
2020-06-21 20:26:33.288 -05:00 [Information] HTTP "GET" "/api/Publicaciones/actividades/1" responded 200 in 214.1482 ms
2020-06-21 20:26:48.909 -05:00 [Information] HTTP "OPTIONS" "/api/Actividades" responded 204 in 0.3134 ms
2020-06-21 20:26:48.939 -05:00 [Information] HTTP "POST" "/api/Actividades" responded 201 in 16.5006 ms
2020-06-21 20:26:49.004 -05:00 [Information] HTTP "GET" "/api/Publicaciones/actividades/1" responded 200 in 17.7365 ms
2020-06-21 20:26:50.475 -05:00 [Information] HTTP "GET" "/api/Publicaciones/propietario/1" responded 200 in 64.0454 ms
2020-06-21 20:26:50.519 -05:00 [Information] HTTP "GET" "/api/Archivo_SitioTuristico/sitio/1/random?1592789210495" responded 200 in 9.6955 ms
2020-06-21 20:26:52.722 -05:00 [Information] HTTP "GET" "/api/SitiosTuristicos/propietario/1" responded 200 in 15.8989 ms
2020-06-21 20:26:52.736 -05:00 [Information] HTTP "GET" "/api/Archivo_SitioTuristico/sitio/1/random?1592789212689" responded 200 in 31.4825 ms
2020-06-21 20:26:53.426 -05:00 [Information] HTTP "GET" "/api/Publicaciones/propietario/1" responded 200 in 14.0304 ms
2020-06-21 20:26:53.456 -05:00 [Information] HTTP "GET" "/api/Archivo_SitioTuristico/sitio/1/random?1592789213359" responded 200 in 44.1295 ms
2020-06-21 20:26:54.363 -05:00 [Information] HTTP "GET" "/api/Interes/usuario/1" responded 200 in 56.5021 ms
2020-06-21 20:26:55.622 -05:00 [Information] HTTP "GET" "/api/CategoriasActividad" responded 200 in 36.3425 ms
2020-06-21 20:26:55.622 -05:00 [Information] HTTP "GET" "/api/Interes/publicacion/1" responded 200 in 88.3327 ms
2020-06-21 20:26:55.680 -05:00 [Information] HTTP "GET" "/api/Publicaciones/filtered?region=Colombia&precioMinimo=0&precioMaximo=5000000" responded 200 in 85.3614 ms
2020-06-21 20:26:55.783 -05:00 [Information] HTTP "GET" "/api/Archivo_SitioTuristico/sitio/1/random?1592789215730" responded 200 in 32.9306 ms
2020-06-21 20:26:55.824 -05:00 [Information] HTTP "GET" "/api/Publicaciones/filtered?region=Colombia&precioMinimo=0&precioMaximo=5000000" responded 200 in 290.8362 ms
2020-06-21 20:26:55.842 -05:00 [Information] HTTP "GET" "/api/Publicaciones/filtered?region=Colombia&precioMinimo=0&precioMaximo=5000000" responded 200 in 307.8515 ms
2020-06-21 20:26:55.856 -05:00 [Information] HTTP "GET" "/api/Interes/publicacion/1" responded 200 in 102.1378 ms
2020-06-21 20:26:57.917 -05:00 [Information] HTTP "GET" "/api/Comentarios/publicacion/1" responded 200 in 53.9323 ms
2020-06-21 20:26:58.002 -05:00 [Information] HTTP "GET" "/api/Publicaciones/1" responded 200 in 160.5100 ms
2020-06-21 20:26:58.144 -05:00 [Information] HTTP "GET" "/api/Reserva/publicacion/1/usuario/1" responded 404 in 38.5124 ms
2020-06-21 20:26:58.144 -05:00 [Information] HTTP "GET" "/api/Interes/publicacion/1/usuario/1" responded 404 in 67.6605 ms
2020-06-21 20:27:00.443 -05:00 [Information] HTTP "GET" "/api/CategoriasActividad" responded 200 in 17.8406 ms
2020-06-21 20:27:00.448 -05:00 [Information] HTTP "GET" "/api/Publicaciones/filtered?region=Colombia&precioMinimo=0&precioMaximo=5000000" responded 200 in 19.7815 ms
2020-06-21 20:27:00.450 -05:00 [Information] HTTP "GET" "/api/Publicaciones/filtered?region=Colombia&precioMinimo=0&precioMaximo=5000000" responded 200 in 17.5060 ms
2020-06-21 20:27:00.453 -05:00 [Information] HTTP "GET" "/api/Publicaciones/filtered?region=Colombia&precioMinimo=0&precioMaximo=5000000" responded 200 in 28.6442 ms
2020-06-21 20:27:00.460 -05:00 [Information] HTTP "GET" "/api/Interes/publicacion/1" responded 200 in 35.5633 ms
2020-06-21 20:27:00.575 -05:00 [Information] HTTP "GET" "/api/Interes/publicacion/1" responded 200 in 18.2561 ms
2020-06-21 20:27:00.611 -05:00 [Information] HTTP "GET" "/api/Archivo_SitioTuristico/sitio/1/random?1592789220523" responded 200 in 62.0559 ms
2020-06-21 20:27:04.884 -05:00 [Information] HTTP "GET" "/api/Reserva/publicacion/1/usuario/1" responded 404 in 17.0677 ms
2020-06-21 20:27:04.885 -05:00 [Information] HTTP "GET" "/api/Interes/publicacion/1/usuario/1" responded 404 in 17.4963 ms
2020-06-21 20:27:04.886 -05:00 [Information] HTTP "GET" "/api/Comentarios/publicacion/1" responded 200 in 8.2778 ms
2020-06-21 20:27:04.890 -05:00 [Information] HTTP "GET" "/api/Publicaciones/1" responded 200 in 18.0124 ms
2020-06-21 20:27:05.000 -05:00 [Information] HTTP "GET" "/api/Reserva/publicacion/1/usuario/1" responded 404 in 6.0579 ms
2020-06-21 20:27:05.000 -05:00 [Information] HTTP "GET" "/api/Interes/publicacion/1/usuario/1" responded 404 in 6.0880 ms
2020-06-21 20:27:14.163 -05:00 [Information] HTTP "OPTIONS" "/api/Comentarios" responded 204 in 0.3321 ms
2020-06-21 20:27:14.359 -05:00 [Information] HTTP "POST" "/api/Comentarios" responded 201 in 109.0840 ms
2020-06-21 20:27:14.410 -05:00 [Information] HTTP "GET" "/api/Comentarios/publicacion/1" responded 200 in 16.6022 ms
2020-06-21 20:27:42.435 -05:00 [Information] HTTP "OPTIONS" "/api/Usuarios/Register" responded 204 in 0.1737 ms
2020-06-21 20:27:42.749 -05:00 [Information] HTTP "POST" "/api/Usuarios/Register" responded 201 in 299.7998 ms
2020-06-21 20:27:49.435 -05:00 [Information] HTTP "GET" "/api/CategoriasActividad" responded 200 in 23.0793 ms
2020-06-21 20:27:49.442 -05:00 [Information] HTTP "GET" "/api/Interes/publicacion/1" responded 200 in 34.9073 ms
2020-06-21 20:27:49.443 -05:00 [Information] HTTP "GET" "/api/Publicaciones/filtered?region=Colombia&precioMinimo=0&precioMaximo=5000000" responded 200 in 24.5989 ms
2020-06-21 20:27:49.448 -05:00 [Information] HTTP "GET" "/api/Publicaciones/filtered?region=Colombia&precioMinimo=0&precioMaximo=5000000" responded 200 in 25.9179 ms
2020-06-21 20:27:49.466 -05:00 [Information] HTTP "GET" "/api/Publicaciones/filtered?region=Colombia&precioMinimo=0&precioMaximo=5000000" responded 200 in 14.1799 ms
2020-06-21 20:27:49.599 -05:00 [Information] HTTP "GET" "/api/Interes/publicacion/1" responded 200 in 13.8713 ms
2020-06-21 20:27:49.611 -05:00 [Information] HTTP "GET" "/api/Archivo_SitioTuristico/sitio/1/random?1592789269544" responded 200 in 32.4562 ms
2020-06-21 20:27:51.513 -05:00 [Information] HTTP "GET" "/api/Publicaciones/1" responded 200 in 8.9240 ms
2020-06-21 20:27:51.513 -05:00 [Information] HTTP "GET" "/api/Reserva/publicacion/1/usuario/2" responded 404 in 9.2840 ms
2020-06-21 20:27:51.513 -05:00 [Information] HTTP "GET" "/api/Interes/publicacion/1/usuario/2" responded 404 in 9.4139 ms
2020-06-21 20:27:51.514 -05:00 [Information] HTTP "GET" "/api/Comentarios/publicacion/1" responded 200 in 8.4394 ms
2020-06-21 20:27:51.645 -05:00 [Information] HTTP "GET" "/api/Interes/publicacion/1/usuario/2" responded 404 in 41.3273 ms
2020-06-21 20:27:51.650 -05:00 [Information] HTTP "GET" "/api/Reserva/publicacion/1/usuario/2" responded 404 in 44.7198 ms
2020-06-21 20:28:16.521 -05:00 [Information] HTTP "OPTIONS" "/api/Comentarios" responded 204 in 0.1186 ms
2020-06-21 20:28:16.596 -05:00 [Information] HTTP "POST" "/api/Comentarios" responded 201 in 40.2638 ms
2020-06-21 20:28:16.705 -05:00 [Information] HTTP "GET" "/api/Comentarios/publicacion/1" responded 200 in 26.8628 ms
2020-06-21 20:28:36.633 -05:00 [Information] HTTP "OPTIONS" "/api/Comentarios" responded 204 in 0.4665 ms
2020-06-21 20:28:36.702 -05:00 [Information] HTTP "POST" "/api/Comentarios" responded 201 in 42.0122 ms
2020-06-21 20:28:36.782 -05:00 [Information] HTTP "GET" "/api/Comentarios/publicacion/1" responded 200 in 1.9850 ms
2020-06-21 20:29:44.963 -05:00 [Information] HTTP "OPTIONS" "/api/Comentarios" responded 204 in 0.2954 ms
2020-06-21 20:29:45.084 -05:00 [Information] HTTP "POST" "/api/Comentarios" responded 400 in 17.1359 ms
2020-06-21 20:29:50.235 -05:00 [Information] HTTP "OPTIONS" "/api/Comentarios" responded 204 in 0.2941 ms
2020-06-21 20:29:50.254 -05:00 [Information] HTTP "POST" "/api/Comentarios" responded 400 in 7.8210 ms
2020-06-21 20:29:59.426 -05:00 [Information] HTTP "OPTIONS" "/api/Comentarios" responded 204 in 0.0885 ms
2020-06-21 20:29:59.526 -05:00 [Information] HTTP "POST" "/api/Comentarios" responded 400 in 2.2244 ms
2020-06-21 20:30:04.514 -05:00 [Information] HTTP "OPTIONS" "/api/Comentarios" responded 204 in 0.0958 ms
2020-06-21 20:30:04.570 -05:00 [Information] HTTP "POST" "/api/Comentarios" responded 201 in 43.5952 ms
2020-06-21 20:30:04.637 -05:00 [Information] HTTP "GET" "/api/Comentarios/publicacion/1" responded 200 in 5.9208 ms
2020-06-21 20:30:15.832 -05:00 [Information] HTTP "OPTIONS" "/api/Comentarios" responded 204 in 0.1916 ms
2020-06-21 20:30:15.901 -05:00 [Information] HTTP "POST" "/api/Comentarios" responded 201 in 42.3536 ms
2020-06-21 20:30:15.964 -05:00 [Information] HTTP "GET" "/api/Comentarios/publicacion/1" responded 200 in 5.2982 ms
2020-06-21 20:42:25.826 -05:00 [Information] HTTP "OPTIONS" "/api/Comentarios" responded 204 in 0.1149 ms
2020-06-21 20:42:25.926 -05:00 [Information] HTTP "POST" "/api/Comentarios" responded 201 in 30.2345 ms
2020-06-21 20:42:25.989 -05:00 [Information] HTTP "GET" "/api/Comentarios/publicacion/1" responded 200 in 10.5609 ms
