2020-06-13 22:33:24.834 -05:00 [Information] Iniciando aplicación ...
2020-06-13 22:34:05.293 -05:00 [Information] HTTP "GET" "/api/CategoriasActividad" responded 200 in 1642.6404 ms
2020-06-13 22:34:05.297 -05:00 [Information] HTTP "GET" "/api/Publicaciones" responded 200 in 1649.0822 ms
2020-06-13 22:34:05.751 -05:00 [Information] HTTP "GET" "/api/Archivo_SitioTuristico/5" responded 200 in 335.0976 ms
2020-06-13 22:34:05.751 -05:00 [Information] HTTP "GET" "/api/Archivo_SitioTuristico/4" responded 200 in 348.4464 ms
2020-06-13 22:34:05.792 -05:00 [Information] HTTP "GET" "/api/Archivo_SitioTuristico/1" responded 200 in 400.2241 ms
2020-06-13 22:34:05.882 -05:00 [Information] HTTP "GET" "/api/Archivo_SitioTuristico/2" responded 200 in 486.0038 ms
2020-06-13 22:34:53.658 -05:00 [Information] HTTP "GET" "/api/Publicaciones/tipo/3" responded 200 in 143.5216 ms
2020-06-13 22:34:57.593 -05:00 [Information] HTTP "GET" "/api/Publicaciones" responded 200 in 23.9543 ms
2020-06-13 22:34:58.544 -05:00 [Information] HTTP "GET" "/api/Publicaciones" responded 200 in 7.8277 ms
2020-06-13 22:35:08.510 -05:00 [Information] HTTP "GET" "/api/Publicaciones" responded 200 in 23.0342 ms
2020-06-13 22:52:53.379 -05:00 [Information] Iniciando aplicación ...
2020-06-13 22:53:20.673 -05:00 [Information] HTTP "GET" "/api/CategoriasActividad" responded 200 in 2869.7760 ms
2020-06-13 22:53:20.673 -05:00 [Information] HTTP "GET" "/api/Publicaciones" responded 200 in 2873.5817 ms
2020-06-13 22:53:22.282 -05:00 [Information] HTTP "GET" "/api/Archivo_SitioTuristico/2" responded 200 in 1320.4360 ms
2020-06-13 22:53:29.154 -05:00 [Information] HTTP "GET" "/api/Publicaciones/tipo/1" responded 200 in 123.4703 ms
2020-06-13 22:53:33.431 -05:00 [Information] HTTP "GET" "/api/Publicaciones" responded 200 in 37.0185 ms
2020-06-13 22:57:30.656 -05:00 [Information] Iniciando aplicación ...
2020-06-13 22:57:44.066 -05:00 [Information] HTTP "GET" "/api/CategoriasActividad" responded 200 in 1807.0963 ms
2020-06-13 22:57:44.091 -05:00 [Information] HTTP "GET" "/api/Publicaciones" responded 200 in 1836.0837 ms
2020-06-13 22:57:44.484 -05:00 [Information] HTTP "GET" "/api/Archivo_SitioTuristico/4" responded 200 in 203.8780 ms
2020-06-13 22:57:44.484 -05:00 [Information] HTTP "GET" "/api/Archivo_SitioTuristico/3" responded 200 in 212.2377 ms
2020-06-13 22:57:44.549 -05:00 [Information] HTTP "GET" "/api/Archivo_SitioTuristico/6" responded 200 in 271.7369 ms
2020-06-13 22:57:44.549 -05:00 [Information] HTTP "GET" "/api/Archivo_SitioTuristico/5" responded 200 in 169.1064 ms
2020-06-13 22:57:44.642 -05:00 [Information] HTTP "GET" "/api/Archivo_SitioTuristico/1" responded 200 in 252.5670 ms
2020-06-13 22:57:44.857 -05:00 [Information] HTTP "GET" "/api/Archivo_SitioTuristico/2" responded 200 in 614.1007 ms
2020-06-13 22:57:53.566 -05:00 [Information] HTTP "GET" "/api/Publicaciones/tipo/1" responded 200 in 94.8034 ms
2020-06-13 22:57:57.527 -05:00 [Information] HTTP "GET" "/api/Publicaciones/tipo/1" responded 200 in 24.2156 ms
2020-06-13 22:57:57.528 -05:00 [Information] HTTP "GET" "/api/Publicaciones/tipo/3" responded 200 in 24.9062 ms
2020-06-13 22:58:02.890 -05:00 [Information] HTTP "GET" "/api/Publicaciones/tipo/3" responded 200 in 11.5646 ms
2020-06-13 22:58:02.890 -05:00 [Information] HTTP "GET" "/api/Publicaciones/tipo/2" responded 200 in 11.8903 ms
2020-06-13 22:58:02.890 -05:00 [Information] HTTP "GET" "/api/Publicaciones/tipo/1" responded 200 in 16.2923 ms
2020-06-13 22:58:08.870 -05:00 [Information] HTTP "GET" "/api/Publicaciones/tipo/3" responded 200 in 29.0332 ms
2020-06-13 22:58:08.870 -05:00 [Information] HTTP "GET" "/api/Publicaciones/tipo/1" responded 200 in 32.2254 ms
2020-06-13 22:58:08.872 -05:00 [Information] HTTP "GET" "/api/Publicaciones/tipo/4" responded 200 in 34.3975 ms
2020-06-13 22:58:08.874 -05:00 [Information] HTTP "GET" "/api/Publicaciones/tipo/2" responded 200 in 35.5188 ms
2020-06-13 22:58:15.555 -05:00 [Information] HTTP "GET" "/api/Publicaciones/tipo/2" responded 200 in 11.9224 ms
2020-06-13 22:58:15.555 -05:00 [Information] HTTP "GET" "/api/Publicaciones/tipo/1" responded 200 in 13.5422 ms
2020-06-13 22:58:15.555 -05:00 [Information] HTTP "GET" "/api/Publicaciones/tipo/4" responded 200 in 11.4333 ms
2020-06-13 22:58:15.555 -05:00 [Information] HTTP "GET" "/api/Publicaciones/tipo/3" responded 200 in 12.3831 ms
2020-06-13 22:58:15.555 -05:00 [Information] HTTP "GET" "/api/Publicaciones/tipo/5" responded 200 in 14.3847 ms
2020-06-13 22:58:18.943 -05:00 [Information] HTTP "GET" "/api/Publicaciones/tipo/5" responded 200 in 8.5320 ms
2020-06-13 22:58:18.943 -05:00 [Information] HTTP "GET" "/api/Publicaciones/tipo/3" responded 200 in 7.6132 ms
2020-06-13 22:58:18.943 -05:00 [Information] HTTP "GET" "/api/Publicaciones/tipo/1" responded 200 in 12.3661 ms
2020-06-13 22:58:18.943 -05:00 [Information] HTTP "GET" "/api/Publicaciones/tipo/4" responded 200 in 6.9106 ms
2020-06-13 22:58:18.961 -05:00 [Information] HTTP "GET" "/api/Publicaciones/tipo/6" responded 200 in 26.1425 ms
2020-06-13 22:58:18.962 -05:00 [Information] HTTP "GET" "/api/Publicaciones/tipo/2" responded 200 in 26.7080 ms
2020-06-13 22:58:25.386 -05:00 [Information] HTTP "GET" "/api/Publicaciones/tipo/3" responded 200 in 20.5199 ms
2020-06-13 22:58:25.393 -05:00 [Information] HTTP "GET" "/api/Publicaciones/tipo/1" responded 200 in 26.3670 ms
2020-06-13 22:58:25.399 -05:00 [Information] HTTP "GET" "/api/Publicaciones/tipo/4" responded 200 in 29.1357 ms
2020-06-13 22:58:25.402 -05:00 [Information] HTTP "GET" "/api/Publicaciones/tipo/7" responded 200 in 35.9732 ms
2020-06-13 22:58:25.416 -05:00 [Information] HTTP "GET" "/api/Publicaciones/tipo/5" responded 200 in 40.8147 ms
2020-06-13 22:58:25.420 -05:00 [Information] HTTP "GET" "/api/Publicaciones/tipo/6" responded 200 in 45.9607 ms
2020-06-13 22:58:25.446 -05:00 [Information] HTTP "GET" "/api/Publicaciones/tipo/2" responded 200 in 78.9718 ms
2020-06-13 22:58:28.184 -05:00 [Information] HTTP "GET" "/api/Publicaciones/tipo/3" responded 200 in 14.6214 ms
2020-06-13 22:58:28.187 -05:00 [Information] HTTP "GET" "/api/Publicaciones/tipo/2" responded 200 in 16.5173 ms
2020-06-13 22:58:28.193 -05:00 [Information] HTTP "GET" "/api/Publicaciones/tipo/1" responded 200 in 25.5740 ms
2020-06-13 22:58:28.194 -05:00 [Information] HTTP "GET" "/api/Publicaciones/tipo/5" responded 200 in 19.0844 ms
2020-06-13 22:58:28.199 -05:00 [Information] HTTP "GET" "/api/Publicaciones/tipo/8" responded 200 in 19.1893 ms
2020-06-13 22:58:28.200 -05:00 [Information] HTTP "GET" "/api/Publicaciones/tipo/7" responded 200 in 21.6281 ms
2020-06-13 22:58:28.207 -05:00 [Information] HTTP "GET" "/api/Publicaciones/tipo/4" responded 200 in 33.8311 ms
2020-06-13 22:58:28.208 -05:00 [Information] HTTP "GET" "/api/Publicaciones/tipo/6" responded 200 in 30.1033 ms
2020-06-13 22:58:32.145 -05:00 [Information] HTTP "GET" "/api/Publicaciones/tipo/9" responded 200 in 80.0977 ms
2020-06-13 22:58:32.151 -05:00 [Information] HTTP "GET" "/api/Publicaciones/tipo/8" responded 200 in 78.5002 ms
2020-06-13 22:58:32.178 -05:00 [Information] HTTP "GET" "/api/Publicaciones/tipo/3" responded 200 in 108.6218 ms
2020-06-13 22:58:32.197 -05:00 [Information] HTTP "GET" "/api/Publicaciones/tipo/6" responded 200 in 125.4442 ms
2020-06-13 22:58:32.253 -05:00 [Information] HTTP "GET" "/api/Publicaciones/tipo/5" responded 200 in 181.7371 ms
2020-06-13 22:58:32.339 -05:00 [Information] HTTP "GET" "/api/Publicaciones/tipo/4" responded 200 in 268.4419 ms
2020-06-13 22:58:32.416 -05:00 [Information] HTTP "GET" "/api/Publicaciones/tipo/1" responded 200 in 349.4297 ms
2020-06-13 22:58:32.506 -05:00 [Information] HTTP "GET" "/api/Publicaciones/tipo/2" responded 200 in 436.0375 ms
2020-06-13 22:58:32.550 -05:00 [Information] HTTP "GET" "/api/Publicaciones/tipo/7" responded 200 in 477.7183 ms
2020-06-13 22:58:37.841 -05:00 [Information] HTTP "GET" "/api/Publicaciones/tipo/10" responded 200 in 113.5321 ms
2020-06-13 22:58:37.848 -05:00 [Information] HTTP "GET" "/api/Publicaciones/tipo/6" responded 200 in 113.7134 ms
2020-06-13 22:58:37.850 -05:00 [Information] HTTP "GET" "/api/Publicaciones/tipo/4" responded 200 in 116.8314 ms
2020-06-13 22:58:37.852 -05:00 [Information] HTTP "GET" "/api/Publicaciones/tipo/5" responded 200 in 120.1916 ms
2020-06-13 22:58:37.852 -05:00 [Information] HTTP "GET" "/api/Publicaciones/tipo/8" responded 200 in 117.9871 ms
2020-06-13 22:58:37.951 -05:00 [Information] HTTP "GET" "/api/Publicaciones/tipo/7" responded 200 in 217.0451 ms
2020-06-13 22:58:37.978 -05:00 [Information] HTTP "GET" "/api/Publicaciones/tipo/2" responded 200 in 252.7106 ms
2020-06-13 22:58:38.004 -05:00 [Information] HTTP "GET" "/api/Publicaciones/tipo/1" responded 200 in 274.1971 ms
2020-06-13 22:58:38.012 -05:00 [Information] HTTP "GET" "/api/Publicaciones/tipo/3" responded 200 in 281.4067 ms
2020-06-13 22:58:38.024 -05:00 [Information] HTTP "GET" "/api/Publicaciones/tipo/9" responded 200 in 289.4156 ms
2020-06-13 22:58:45.235 -05:00 [Information] HTTP "GET" "/api/Publicaciones/tipo/9" responded 200 in 6.5606 ms
2020-06-13 22:58:45.235 -05:00 [Information] HTTP "GET" "/api/Publicaciones/tipo/7" responded 200 in 7.0903 ms
2020-06-13 22:58:45.235 -05:00 [Information] HTTP "GET" "/api/Publicaciones/tipo/3" responded 200 in 8.3900 ms
2020-06-13 22:58:45.238 -05:00 [Information] HTTP "GET" "/api/Publicaciones/tipo/4" responded 200 in 11.1122 ms
2020-06-13 22:58:45.242 -05:00 [Information] HTTP "GET" "/api/Publicaciones/tipo/10" responded 200 in 13.4636 ms
2020-06-13 22:58:45.243 -05:00 [Information] HTTP "GET" "/api/Publicaciones/tipo/6" responded 200 in 14.5676 ms
2020-06-13 22:58:45.251 -05:00 [Information] HTTP "GET" "/api/Publicaciones/tipo/5" responded 200 in 23.2668 ms
2020-06-13 22:58:45.252 -05:00 [Information] HTTP "GET" "/api/Publicaciones/tipo/1" responded 200 in 25.2477 ms
2020-06-13 22:58:45.252 -05:00 [Information] HTTP "GET" "/api/Publicaciones/tipo/8" responded 200 in 23.9069 ms
2020-06-13 22:59:35.693 -05:00 [Information] HTTP "GET" "/api/Publicaciones" responded 200 in 21.8720 ms
2020-06-13 22:59:35.794 -05:00 [Information] HTTP "GET" "/api/Archivo_SitioTuristico/3" responded 200 in 10.5311 ms
2020-06-13 22:59:40.929 -05:00 [Information] HTTP "GET" "/api/Publicaciones" responded 200 in 15.3059 ms
2020-06-13 22:59:41.221 -05:00 [Information] HTTP "GET" "/api/Publicaciones" responded 200 in 3.8305 ms
2020-06-13 22:59:41.393 -05:00 [Information] HTTP "GET" "/api/Publicaciones" responded 200 in 4.0697 ms
2020-06-13 22:59:41.580 -05:00 [Information] HTTP "GET" "/api/Publicaciones" responded 200 in 2.7720 ms
2020-06-13 22:59:41.743 -05:00 [Information] HTTP "GET" "/api/Publicaciones" responded 200 in 2.8982 ms
2020-06-13 22:59:41.914 -05:00 [Information] HTTP "GET" "/api/Publicaciones" responded 200 in 2.8795 ms
2020-06-13 22:59:42.075 -05:00 [Information] HTTP "GET" "/api/Publicaciones" responded 200 in 2.8858 ms
2020-06-13 22:59:42.233 -05:00 [Information] HTTP "GET" "/api/Publicaciones" responded 200 in 3.4437 ms
2020-06-13 22:59:42.379 -05:00 [Information] HTTP "GET" "/api/Publicaciones" responded 200 in 3.5811 ms
2020-06-13 22:59:42.532 -05:00 [Information] HTTP "GET" "/api/Publicaciones" responded 200 in 3.0792 ms
2020-06-13 22:59:42.685 -05:00 [Information] HTTP "GET" "/api/Publicaciones" responded 200 in 3.6137 ms
2020-06-13 22:59:42.785 -05:00 [Information] HTTP "GET" "/api/Publicaciones" responded 200 in 4.6476 ms
2020-06-13 22:59:42.927 -05:00 [Information] HTTP "GET" "/api/Publicaciones" responded 200 in 3.2204 ms
2020-06-13 22:59:43.114 -05:00 [Information] HTTP "GET" "/api/Publicaciones" responded 200 in 3.0898 ms
2020-06-13 22:59:43.285 -05:00 [Information] HTTP "GET" "/api/Publicaciones" responded 200 in 3.6770 ms
2020-06-13 22:59:43.459 -05:00 [Information] HTTP "GET" "/api/Publicaciones" responded 200 in 3.4246 ms
2020-06-13 22:59:43.645 -05:00 [Information] HTTP "GET" "/api/Publicaciones" responded 200 in 4.0695 ms
2020-06-13 22:59:43.837 -05:00 [Information] HTTP "GET" "/api/Publicaciones" responded 200 in 2.7446 ms
2020-06-13 22:59:44.034 -05:00 [Information] HTTP "GET" "/api/Publicaciones" responded 200 in 3.1133 ms
2020-06-13 22:59:44.223 -05:00 [Information] HTTP "GET" "/api/Publicaciones" responded 200 in 2.5456 ms
2020-06-13 22:59:44.418 -05:00 [Information] HTTP "GET" "/api/Publicaciones" responded 200 in 3.2617 ms
2020-06-13 22:59:44.595 -05:00 [Information] HTTP "GET" "/api/Publicaciones" responded 200 in 2.6588 ms
2020-06-13 22:59:44.764 -05:00 [Information] HTTP "GET" "/api/Publicaciones" responded 200 in 3.4102 ms
2020-06-13 22:59:44.952 -05:00 [Information] HTTP "GET" "/api/Publicaciones" responded 200 in 3.3191 ms
2020-06-13 22:59:45.126 -05:00 [Information] HTTP "GET" "/api/Publicaciones" responded 200 in 2.7143 ms
2020-06-13 22:59:45.324 -05:00 [Information] HTTP "GET" "/api/Publicaciones" responded 200 in 3.4615 ms
2020-06-13 23:01:16.303 -05:00 [Information] HTTP "GET" "/api/Publicaciones/tipo/2" responded 200 in 50.1036 ms
2020-06-13 23:01:20.520 -05:00 [Information] HTTP "GET" "/api/Publicaciones/tipo/2" responded 200 in 13.4132 ms
2020-06-13 23:01:20.523 -05:00 [Information] HTTP "GET" "/api/Publicaciones/tipo/3" responded 200 in 11.1879 ms
2020-06-13 23:01:23.544 -05:00 [Information] HTTP "GET" "/api/Publicaciones/tipo/2" responded 200 in 8.0806 ms
2020-06-13 23:01:23.550 -05:00 [Information] HTTP "GET" "/api/Publicaciones/tipo/3" responded 200 in 14.2258 ms
2020-06-13 23:01:23.552 -05:00 [Information] HTTP "GET" "/api/Publicaciones/tipo/4" responded 200 in 11.0813 ms
2020-06-13 23:01:26.343 -05:00 [Information] HTTP "GET" "/api/Publicaciones/tipo/3" responded 200 in 8.9798 ms
2020-06-13 23:01:26.344 -05:00 [Information] HTTP "GET" "/api/Publicaciones/tipo/4" responded 200 in 10.0780 ms
2020-06-13 23:01:26.348 -05:00 [Information] HTTP "GET" "/api/Publicaciones/tipo/2" responded 200 in 13.9936 ms
2020-06-13 23:01:26.365 -05:00 [Information] HTTP "GET" "/api/Publicaciones/tipo/1" responded 200 in 19.6697 ms
2020-06-13 23:01:30.041 -05:00 [Information] HTTP "GET" "/api/Publicaciones/tipo/2" responded 200 in 10.6421 ms
2020-06-13 23:01:30.045 -05:00 [Information] HTTP "GET" "/api/Publicaciones/tipo/3" responded 200 in 4.7297 ms
2020-06-13 23:01:30.045 -05:00 [Information] HTTP "GET" "/api/Publicaciones/tipo/4" responded 200 in 4.7297 ms
2020-06-13 23:01:58.882 -05:00 [Information] HTTP "GET" "/api/Publicaciones/tipo/1" responded 200 in 113.4696 ms
2020-06-13 23:02:05.222 -05:00 [Information] HTTP "GET" "/api/Publicaciones/tipo/2" responded 200 in 3.7571 ms
2020-06-13 23:02:21.498 -05:00 [Information] HTTP "GET" "/api/Publicaciones/tipo/2" responded 200 in 4.7568 ms
2020-06-13 23:02:21.518 -05:00 [Information] HTTP "GET" "/api/Publicaciones/tipo/3" responded 200 in 14.8466 ms
2020-06-13 23:02:21.720 -05:00 [Information] HTTP "GET" "/api/Publicaciones/tipo/2" responded 200 in 2.9247 ms
2020-06-13 23:02:21.733 -05:00 [Information] HTTP "GET" "/api/Publicaciones/tipo/3" responded 200 in 5.1771 ms
2020-06-13 23:02:22.569 -05:00 [Information] HTTP "GET" "/api/Publicaciones/tipo/2" responded 200 in 3.2982 ms
2020-06-13 23:02:22.569 -05:00 [Information] HTTP "GET" "/api/Publicaciones/tipo/3" responded 200 in 3.5088 ms
2020-06-13 23:02:25.134 -05:00 [Information] HTTP "GET" "/api/Publicaciones/tipo/2" responded 200 in 4.2772 ms
2020-06-13 23:02:25.152 -05:00 [Information] HTTP "GET" "/api/Publicaciones/tipo/3" responded 200 in 9.1044 ms
2020-06-13 23:02:25.156 -05:00 [Information] HTTP "GET" "/api/Publicaciones/tipo/4" responded 200 in 10.3565 ms
2020-06-13 23:02:27.371 -05:00 [Information] HTTP "GET" "/api/Publicaciones/tipo/4" responded 200 in 3.5823 ms
2020-06-13 23:02:27.371 -05:00 [Information] HTTP "GET" "/api/Publicaciones/tipo/1" responded 200 in 3.4372 ms
2020-06-13 23:02:27.371 -05:00 [Information] HTTP "GET" "/api/Publicaciones/tipo/2" responded 200 in 4.7686 ms
2020-06-13 23:02:27.373 -05:00 [Information] HTTP "GET" "/api/Publicaciones/tipo/3" responded 200 in 7.0894 ms
2020-06-13 23:03:47.370 -05:00 [Information] HTTP "GET" "/api/Publicaciones/tipo/2" responded 200 in 52.4283 ms
2020-06-13 23:03:47.377 -05:00 [Information] HTTP "GET" "/api/Publicaciones/tipo/1" responded 200 in 48.7817 ms
2020-06-13 23:03:47.378 -05:00 [Information] HTTP "GET" "/api/Publicaciones/tipo/4" responded 200 in 51.9034 ms
2020-06-13 23:03:51.319 -05:00 [Information] HTTP "GET" "/api/Publicaciones/tipo/1" responded 200 in 4.0279 ms
2020-06-13 23:03:51.319 -05:00 [Information] HTTP "GET" "/api/Publicaciones/tipo/4" responded 200 in 5.2260 ms
2020-06-13 23:04:02.473 -05:00 [Information] HTTP "GET" "/api/Publicaciones" responded 200 in 16.1893 ms
2020-06-13 23:04:10.940 -05:00 [Information] HTTP "GET" "/api/Publicaciones/tipo/3" responded 200 in 34.7016 ms
2020-06-13 23:04:16.882 -05:00 [Information] HTTP "GET" "/api/Publicaciones/tipo/6" responded 200 in 4.1996 ms
2020-06-13 23:04:16.882 -05:00 [Information] HTTP "GET" "/api/Publicaciones/tipo/3" responded 200 in 5.7222 ms
2020-06-13 23:04:20.191 -05:00 [Information] HTTP "GET" "/api/Publicaciones/tipo/6" responded 200 in 19.0936 ms
2020-06-13 23:04:20.191 -05:00 [Information] HTTP "GET" "/api/Publicaciones/tipo/2" responded 200 in 19.3123 ms
2020-06-13 23:04:20.194 -05:00 [Information] HTTP "GET" "/api/Publicaciones/tipo/3" responded 200 in 22.0731 ms
2020-06-13 23:07:35.622 -05:00 [Information] HTTP "GET" "/api/Publicaciones/tipo/3" responded 200 in 57.0855 ms
2020-06-13 23:07:44.325 -05:00 [Information] HTTP "GET" "/api/Publicaciones" responded 200 in 16.3846 ms
2020-06-13 23:07:44.458 -05:00 [Information] HTTP "GET" "/api/Archivo_SitioTuristico/4" responded 200 in 12.8663 ms
2020-06-13 23:07:44.458 -05:00 [Information] HTTP "GET" "/api/Archivo_SitioTuristico/5" responded 200 in 8.3962 ms
2020-06-13 23:07:44.459 -05:00 [Information] HTTP "GET" "/api/Archivo_SitioTuristico/3" responded 200 in 14.1221 ms
2020-06-13 23:07:56.428 -05:00 [Information] HTTP "GET" "/api/Publicaciones/tipo/10" responded 200 in 3.6387 ms
2020-06-13 23:08:23.083 -05:00 [Information] HTTP "OPTIONS" "/api/Usuarios/Login" responded 204 in 1.7890 ms
2020-06-13 23:08:23.333 -05:00 [Information] HTTP "POST" "/api/Usuarios/Login" responded 401 in 236.4297 ms
2020-06-13 23:08:40.598 -05:00 [Information] HTTP "OPTIONS" "/api/Usuarios/Register" responded 204 in 0.0977 ms
2020-06-13 23:08:41.815 -05:00 [Information] HTTP "POST" "/api/Usuarios/Register" responded 201 in 1211.8181 ms
2020-06-13 23:08:47.905 -05:00 [Information] HTTP "GET" "/api/CategoriasActividad" responded 200 in 2.4926 ms
2020-06-13 23:08:47.930 -05:00 [Information] HTTP "GET" "/api/Publicaciones" responded 200 in 28.3557 ms
