2020-06-18 13:18:42.346 -05:00 [Information] Iniciando aplicación ...
2020-06-18 13:20:35.749 -05:00 [Information] HTTP "GET" "/api/Reserva" responded 200 in 6059.0129 ms
2020-06-18 13:25:35.441 -05:00 [Information] Iniciando aplicación ...
2020-06-18 13:25:46.697 -05:00 [Information] HTTP "GET" "/api/Interes" responded 200 in 1485.5408 ms
2020-06-18 13:25:50.303 -05:00 [Information] HTTP "GET" "/api/Interes" responded 200 in 70.7410 ms
2020-06-18 17:52:56.301 -05:00 [Information] Iniciando aplicación ...
2020-06-18 17:57:31.526 -05:00 [Information] HTTP "GET" "/api/Interes" responded 200 in 1434.2517 ms
2020-06-18 19:23:05.499 -05:00 [Information] Iniciando aplicación ...
2020-06-18 19:36:06.813 -05:00 [Information] Iniciando aplicación ...
2020-06-18 20:34:10.208 -05:00 [Information] HTTP "GET" "/api/Publicaciones" responded 200 in 1307.4698 ms
2020-06-18 20:34:10.207 -05:00 [Information] HTTP "GET" "/api/CategoriasActividad" responded 200 in 1304.5100 ms
2020-06-18 20:34:11.681 -05:00 [Information] HTTP "GET" "/api/Interes/publicacion/2" responded 200 in 518.0725 ms
2020-06-18 20:34:11.681 -05:00 [Information] HTTP "GET" "/api/Interes/publicacion/8" responded 200 in 470.8515 ms
2020-06-18 20:34:11.681 -05:00 [Information] HTTP "GET" "/api/Interes/publicacion/3" responded 200 in 478.2839 ms
2020-06-18 20:34:11.681 -05:00 [Information] HTTP "GET" "/api/Interes/publicacion/5" responded 200 in 474.4062 ms
2020-06-18 20:34:11.681 -05:00 [Information] HTTP "GET" "/api/Interes/publicacion/6" responded 200 in 474.3735 ms
2020-06-18 20:34:11.683 -05:00 [Information] HTTP "GET" "/api/Interes/publicacion/2" responded 200 in 471.7074 ms
2020-06-18 20:34:11.689 -05:00 [Information] HTTP "GET" "/api/Interes/publicacion/4" responded 200 in 476.5656 ms
2020-06-18 20:34:11.691 -05:00 [Information] HTTP "GET" "/api/Interes/publicacion/8" responded 200 in 458.5752 ms
2020-06-18 20:34:11.699 -05:00 [Information] HTTP "GET" "/api/Interes/publicacion/3" responded 200 in 487.2406 ms
2020-06-18 20:34:11.709 -05:00 [Information] HTTP "GET" "/api/Interes/publicacion/7" responded 200 in 481.7284 ms
2020-06-18 20:34:11.772 -05:00 [Information] HTTP "GET" "/api/Interes/publicacion/1" responded 200 in 611.5462 ms
2020-06-18 20:34:11.799 -05:00 [Information] HTTP "GET" "/api/Interes/publicacion/4" responded 200 in 595.3802 ms
2020-06-18 20:34:11.803 -05:00 [Information] HTTP "GET" "/api/Interes/publicacion/7" responded 200 in 594.2996 ms
2020-06-18 20:34:11.838 -05:00 [Information] HTTP "GET" "/api/Interes/publicacion/6" responded 200 in 624.1768 ms
2020-06-18 20:34:11.851 -05:00 [Information] HTTP "GET" "/api/Interes/publicacion/1" responded 200 in 640.4275 ms
2020-06-18 20:34:11.856 -05:00 [Information] HTTP "GET" "/api/Interes/publicacion/5" responded 200 in 641.7174 ms
2020-06-18 20:34:12.061 -05:00 [Information] HTTP "GET" "/api/Archivo_SitioTuristico/sitio/1/random?1592530450639" responded 200 in 1261.5741 ms
2020-06-18 20:34:12.089 -05:00 [Information] HTTP "GET" "/api/Archivo_SitioTuristico/sitio/1/random?1592530450636" responded 200 in 1312.6563 ms
2020-06-18 20:34:12.091 -05:00 [Information] HTTP "GET" "/api/Archivo_SitioTuristico/sitio/1/random?1592530450637" responded 200 in 1295.3151 ms
2020-06-18 20:34:12.091 -05:00 [Information] HTTP "GET" "/api/Archivo_SitioTuristico/sitio/1/random?1592530450638" responded 200 in 1295.0808 ms
2020-06-18 20:36:31.944 -05:00 [Information] HTTP "GET" "/api/CategoriasActividad" responded 200 in 222.6504 ms
2020-06-18 20:36:32.030 -05:00 [Information] HTTP "GET" "/api/Publicaciones" responded 200 in 325.4187 ms
2020-06-18 20:36:33.166 -05:00 [Information] HTTP "GET" "/api/Interes/publicacion/5" responded 200 in 36.5542 ms
2020-06-18 20:36:33.169 -05:00 [Information] HTTP "GET" "/api/Interes/publicacion/1" responded 200 in 44.6214 ms
2020-06-18 20:36:33.188 -05:00 [Information] HTTP "GET" "/api/Interes/publicacion/4" responded 200 in 58.6505 ms
2020-06-18 20:36:33.188 -05:00 [Information] HTTP "GET" "/api/Interes/publicacion/8" responded 200 in 56.8648 ms
2020-06-18 20:36:33.216 -05:00 [Information] HTTP "GET" "/api/Interes/publicacion/7" responded 200 in 85.6938 ms
2020-06-18 20:36:33.303 -05:00 [Information] HTTP "GET" "/api/Interes/publicacion/3" responded 200 in 174.7676 ms
2020-06-18 20:36:33.355 -05:00 [Information] HTTP "GET" "/api/Interes/publicacion/6" responded 200 in 225.2144 ms
2020-06-18 20:36:33.461 -05:00 [Information] HTTP "GET" "/api/Interes/publicacion/2" responded 200 in 332.2166 ms
2020-06-18 20:36:33.946 -05:00 [Information] HTTP "GET" "/api/Archivo_SitioTuristico/sitio/1/random?1592530593019" responded 200 in 832.7883 ms
2020-06-18 20:36:33.954 -05:00 [Information] HTTP "GET" "/api/Archivo_SitioTuristico/sitio/1/random?1592530593021" responded 200 in 829.9574 ms
2020-06-18 20:36:33.994 -05:00 [Information] HTTP "GET" "/api/Archivo_SitioTuristico/sitio/1/random?1592530593020" responded 200 in 873.0874 ms
2020-06-18 20:36:34.204 -05:00 [Information] HTTP "GET" "/api/Archivo_SitioTuristico/sitio/1/random?1592530593018" responded 200 in 1094.8934 ms
2020-06-18 20:36:34.231 -05:00 [Information] HTTP "GET" "/api/Archivo_SitioTuristico/sitio/1/random?1592530593016" responded 200 in 1164.0132 ms
2020-06-18 20:36:42.846 -05:00 [Information] HTTP "GET" "/api/CategoriasActividad" responded 200 in 305.8210 ms
2020-06-18 20:36:42.930 -05:00 [Information] HTTP "GET" "/api/Publicaciones" responded 200 in 391.1198 ms
2020-06-18 20:36:43.700 -05:00 [Information] HTTP "GET" "/api/Interes/publicacion/1" responded 200 in 67.8575 ms
2020-06-18 20:36:43.761 -05:00 [Information] HTTP "GET" "/api/Interes/publicacion/2" responded 200 in 122.4072 ms
2020-06-18 20:36:43.764 -05:00 [Information] HTTP "GET" "/api/Interes/publicacion/5" responded 200 in 111.5822 ms
2020-06-18 20:36:43.764 -05:00 [Information] HTTP "GET" "/api/Interes/publicacion/4" responded 200 in 113.1677 ms
2020-06-18 20:36:43.828 -05:00 [Information] HTTP "GET" "/api/Interes/publicacion/8" responded 200 in 131.3415 ms
2020-06-18 20:36:43.829 -05:00 [Information] HTTP "GET" "/api/Interes/publicacion/7" responded 200 in 160.3096 ms
2020-06-18 20:36:43.919 -05:00 [Information] HTTP "GET" "/api/Interes/publicacion/3" responded 200 in 274.3505 ms
2020-06-18 20:36:43.919 -05:00 [Information] HTTP "GET" "/api/Interes/publicacion/6" responded 200 in 248.0218 ms
2020-06-18 20:36:44.991 -05:00 [Information] HTTP "GET" "/api/Archivo_SitioTuristico/sitio/1/random?1592530603539" responded 200 in 1379.7979 ms
2020-06-18 20:36:44.991 -05:00 [Information] HTTP "GET" "/api/Archivo_SitioTuristico/sitio/1/random?1592530603540" responded 200 in 1371.2959 ms
2020-06-18 20:36:45.003 -05:00 [Information] HTTP "GET" "/api/Archivo_SitioTuristico/sitio/1/random?1592530603541" responded 200 in 1376.2218 ms
2020-06-18 20:36:48.050 -05:00 [Information] HTTP "GET" "/api/CategoriasActividad" responded 200 in 25.3137 ms
2020-06-18 20:36:48.070 -05:00 [Information] HTTP "GET" "/api/Publicaciones" responded 200 in 52.5931 ms
2020-06-18 20:36:51.386 -05:00 [Information] HTTP "GET" "/api/CategoriasActividad" responded 200 in 64.3991 ms
2020-06-18 20:36:51.462 -05:00 [Information] HTTP "GET" "/api/Publicaciones" responded 200 in 142.9435 ms
2020-06-18 20:36:52.949 -05:00 [Information] HTTP "GET" "/api/Interes/publicacion/6" responded 200 in 34.8032 ms
2020-06-18 20:36:52.954 -05:00 [Information] HTTP "GET" "/api/Interes/publicacion/4" responded 200 in 45.3143 ms
2020-06-18 20:36:52.958 -05:00 [Information] HTTP "GET" "/api/Interes/publicacion/7" responded 200 in 41.1197 ms
2020-06-18 20:36:53.010 -05:00 [Information] HTTP "GET" "/api/Interes/publicacion/3" responded 200 in 102.4279 ms
2020-06-18 20:36:53.133 -05:00 [Information] HTTP "GET" "/api/Interes/publicacion/5" responded 200 in 222.9531 ms
2020-06-18 20:36:53.148 -05:00 [Information] HTTP "GET" "/api/Interes/publicacion/2" responded 200 in 242.1563 ms
2020-06-18 20:36:53.149 -05:00 [Information] HTTP "GET" "/api/Interes/publicacion/1" responded 200 in 244.9731 ms
2020-06-18 20:36:53.149 -05:00 [Information] HTTP "GET" "/api/Interes/publicacion/8" responded 200 in 231.1407 ms
2020-06-18 20:36:53.688 -05:00 [Information] HTTP "GET" "/api/Archivo_SitioTuristico/sitio/1/random?1592530612824" responded 200 in 820.7788 ms
2020-06-18 20:36:53.733 -05:00 [Information] HTTP "GET" "/api/Archivo_SitioTuristico/sitio/1/random?1592530612825" responded 200 in 858.3639 ms
2020-06-18 20:36:53.764 -05:00 [Information] HTTP "GET" "/api/Archivo_SitioTuristico/sitio/1/random?1592530612827" responded 200 in 870.3461 ms
2020-06-18 20:36:53.790 -05:00 [Information] HTTP "GET" "/api/Archivo_SitioTuristico/sitio/1/random?1592530612826" responded 200 in 901.9301 ms
2020-06-18 20:36:55.973 -05:00 [Information] HTTP "GET" "/api/CategoriasActividad" responded 200 in 38.5256 ms
2020-06-18 20:36:56.008 -05:00 [Information] HTTP "GET" "/api/Publicaciones" responded 200 in 74.9775 ms
2020-06-18 20:36:57.289 -05:00 [Information] HTTP "GET" "/api/Interes/publicacion/6" responded 200 in 40.9730 ms
2020-06-18 20:36:57.288 -05:00 [Information] HTTP "GET" "/api/Interes/publicacion/3" responded 200 in 42.4433 ms
2020-06-18 20:36:57.289 -05:00 [Information] HTTP "GET" "/api/Interes/publicacion/4" responded 200 in 42.0171 ms
2020-06-18 20:36:57.308 -05:00 [Information] HTTP "GET" "/api/Interes/publicacion/7" responded 200 in 60.4669 ms
2020-06-18 20:36:57.308 -05:00 [Information] HTTP "GET" "/api/Interes/publicacion/8" responded 200 in 60.1880 ms
2020-06-18 20:36:57.309 -05:00 [Information] HTTP "GET" "/api/Interes/publicacion/2" responded 200 in 63.4658 ms
2020-06-18 20:36:57.384 -05:00 [Information] HTTP "GET" "/api/Interes/publicacion/1" responded 200 in 144.3493 ms
2020-06-18 20:36:57.998 -05:00 [Information] HTTP "GET" "/api/Interes/publicacion/5" responded 200 in 750.9810 ms
2020-06-18 20:36:58.446 -05:00 [Information] HTTP "GET" "/api/Archivo_SitioTuristico/sitio/1/random?1592530617156" responded 200 in 1207.3965 ms
2020-06-18 20:36:58.555 -05:00 [Information] HTTP "GET" "/api/Archivo_SitioTuristico/sitio/1/random?1592530617150" responded 200 in 1327.4427 ms
2020-06-18 20:36:58.693 -05:00 [Information] HTTP "GET" "/api/Archivo_SitioTuristico/sitio/1/random?1592530617155" responded 200 in 1456.6941 ms
2020-06-18 20:36:58.735 -05:00 [Information] HTTP "GET" "/api/Archivo_SitioTuristico/sitio/1/random?1592530617154" responded 200 in 1505.7104 ms
2020-06-18 20:40:22.371 -05:00 [Information] HTTP "GET" "/api/CategoriasActividad" responded 200 in 11.0656 ms
2020-06-18 20:40:22.388 -05:00 [Information] HTTP "GET" "/api/Publicaciones" responded 200 in 28.6526 ms
2020-06-18 20:40:23.052 -05:00 [Information] HTTP "GET" "/api/Interes/publicacion/5" responded 200 in 26.7877 ms
2020-06-18 20:40:23.054 -05:00 [Information] HTTP "GET" "/api/Interes/publicacion/3" responded 200 in 29.8797 ms
2020-06-18 20:40:23.054 -05:00 [Information] HTTP "GET" "/api/Interes/publicacion/4" responded 200 in 29.7197 ms
2020-06-18 20:40:23.055 -05:00 [Information] HTTP "GET" "/api/Interes/publicacion/2" responded 200 in 32.0844 ms
2020-06-18 20:40:23.058 -05:00 [Information] HTTP "GET" "/api/Interes/publicacion/7" responded 200 in 31.1139 ms
2020-06-18 20:40:23.060 -05:00 [Information] HTTP "GET" "/api/Interes/publicacion/6" responded 200 in 34.0483 ms
2020-06-18 20:40:23.067 -05:00 [Information] HTTP "GET" "/api/Interes/publicacion/8" responded 200 in 40.2281 ms
2020-06-18 20:40:23.091 -05:00 [Information] HTTP "GET" "/api/Interes/publicacion/1" responded 200 in 69.7424 ms
2020-06-18 20:40:23.112 -05:00 [Information] HTTP "GET" "/api/Archivo_SitioTuristico/sitio/1/random?1592530822926" responded 200 in 143.3416 ms
2020-06-18 20:40:23.462 -05:00 [Information] HTTP "GET" "/api/Archivo_SitioTuristico/sitio/1/random?1592530822929" responded 200 in 452.7622 ms
2020-06-18 20:40:23.497 -05:00 [Information] HTTP "GET" "/api/Archivo_SitioTuristico/sitio/1/random?1592530822930" responded 200 in 481.7594 ms
2020-06-18 20:40:23.592 -05:00 [Information] HTTP "GET" "/api/Archivo_SitioTuristico/sitio/1/random?1592530822931" responded 200 in 576.6068 ms
2020-06-18 20:40:23.618 -05:00 [Information] HTTP "GET" "/api/Interes/publicacion/1" responded 200 in 142.0878 ms
2020-06-18 20:40:23.791 -05:00 [Information] HTTP "GET" "/api/Interes/publicacion/2" responded 200 in 308.0042 ms
2020-06-18 20:40:23.828 -05:00 [Information] HTTP "GET" "/api/Interes/publicacion/6" responded 200 in 337.7111 ms
2020-06-18 20:40:24.002 -05:00 [Information] HTTP "GET" "/api/Interes/publicacion/3" responded 200 in 517.5292 ms
2020-06-18 20:40:24.242 -05:00 [Information] HTTP "GET" "/api/Interes/publicacion/8" responded 200 in 746.8047 ms
2020-06-18 20:40:24.415 -05:00 [Information] HTTP "GET" "/api/Interes/publicacion/4" responded 200 in 930.2606 ms
2020-06-18 20:40:24.431 -05:00 [Information] HTTP "GET" "/api/Interes/publicacion/5" responded 200 in 945.3932 ms
2020-06-18 20:40:24.444 -05:00 [Information] HTTP "GET" "/api/Interes/publicacion/7" responded 200 in 952.6380 ms
2020-06-18 20:40:24.549 -05:00 [Information] HTTP "GET" "/api/Interes/publicacion/5" responded 200 in 67.0248 ms
2020-06-18 20:40:24.549 -05:00 [Information] HTTP "GET" "/api/Interes/publicacion/4" responded 200 in 66.1509 ms
2020-06-18 20:40:24.706 -05:00 [Information] HTTP "GET" "/api/Interes/publicacion/2" responded 200 in 221.5783 ms
2020-06-18 20:40:24.763 -05:00 [Information] HTTP "GET" "/api/Interes/publicacion/3" responded 200 in 280.3836 ms
2020-06-18 20:40:24.839 -05:00 [Information] HTTP "GET" "/api/Interes/publicacion/7" responded 200 in 354.4193 ms
2020-06-18 20:40:24.917 -05:00 [Information] HTTP "GET" "/api/Interes/publicacion/1" responded 200 in 65.4358 ms
2020-06-18 20:40:24.919 -05:00 [Information] HTTP "GET" "/api/Interes/publicacion/6" responded 200 in 68.7086 ms
2020-06-18 20:40:24.940 -05:00 [Information] HTTP "GET" "/api/Interes/publicacion/8" responded 200 in 87.0433 ms
2020-06-18 20:40:24.941 -05:00 [Information] HTTP "GET" "/api/Interes/publicacion/1" responded 200 in 71.6061 ms
2020-06-18 20:40:24.942 -05:00 [Information] HTTP "GET" "/api/Interes/publicacion/2" responded 200 in 70.6061 ms
2020-06-18 20:40:24.942 -05:00 [Information] HTTP "GET" "/api/Interes/publicacion/6" responded 200 in 67.0767 ms
2020-06-18 20:40:24.942 -05:00 [Information] HTTP "GET" "/api/Interes/publicacion/3" responded 200 in 59.1793 ms
2020-06-18 20:40:24.942 -05:00 [Information] HTTP "GET" "/api/Interes/publicacion/4" responded 200 in 53.4240 ms
2020-06-18 20:40:24.958 -05:00 [Information] HTTP "GET" "/api/Interes/publicacion/8" responded 200 in 73.1677 ms
2020-06-18 20:40:24.962 -05:00 [Information] HTTP "GET" "/api/Interes/publicacion/5" responded 200 in 41.8044 ms
2020-06-18 20:40:24.995 -05:00 [Information] HTTP "GET" "/api/Interes/publicacion/7" responded 200 in 6.1167 ms
2020-06-18 20:40:25.012 -05:00 [Information] HTTP "GET" "/api/Interes/publicacion/5" responded 200 in 2.7666 ms
2020-06-18 20:40:25.045 -05:00 [Information] HTTP "GET" "/api/Interes/publicacion/4" responded 200 in 5.3433 ms
2020-06-18 20:40:25.091 -05:00 [Information] HTTP "GET" "/api/Interes/publicacion/2" responded 200 in 7.3827 ms
2020-06-18 20:40:25.152 -05:00 [Information] HTTP "GET" "/api/Interes/publicacion/3" responded 200 in 19.1372 ms
2020-06-18 20:40:25.171 -05:00 [Information] HTTP "GET" "/api/Interes/publicacion/7" responded 200 in 12.0911 ms
2020-06-18 20:40:25.209 -05:00 [Information] HTTP "GET" "/api/Interes/publicacion/1" responded 200 in 6.8577 ms
2020-06-18 20:40:25.231 -05:00 [Information] HTTP "GET" "/api/Interes/publicacion/6" responded 200 in 2.7027 ms
2020-06-18 20:40:25.254 -05:00 [Information] HTTP "GET" "/api/Interes/publicacion/8" responded 200 in 2.6104 ms
2020-06-18 20:40:25.284 -05:00 [Information] HTTP "GET" "/api/Interes/publicacion/1" responded 200 in 4.3389 ms
2020-06-18 20:40:25.323 -05:00 [Information] HTTP "GET" "/api/Interes/publicacion/2" responded 200 in 3.6278 ms
2020-06-18 20:40:25.324 -05:00 [Information] HTTP "GET" "/api/Interes/publicacion/6" responded 200 in 1.5235 ms
2020-06-18 20:40:25.350 -05:00 [Information] HTTP "GET" "/api/Interes/publicacion/3" responded 200 in 1.8776 ms
2020-06-18 20:40:25.389 -05:00 [Information] HTTP "GET" "/api/Interes/publicacion/4" responded 200 in 10.8620 ms
2020-06-18 20:40:25.403 -05:00 [Information] HTTP "GET" "/api/Interes/publicacion/8" responded 200 in 3.1354 ms
2020-06-18 20:40:25.415 -05:00 [Information] HTTP "GET" "/api/Interes/publicacion/5" responded 200 in 2.4041 ms
2020-06-18 20:40:25.452 -05:00 [Information] HTTP "GET" "/api/Interes/publicacion/7" responded 200 in 8.8800 ms
2020-06-18 20:40:25.452 -05:00 [Information] HTTP "GET" "/api/Interes/publicacion/5" responded 200 in 6.8040 ms
2020-06-18 20:40:25.463 -05:00 [Information] HTTP "GET" "/api/Interes/publicacion/4" responded 200 in 10.6227 ms
2020-06-18 20:40:25.510 -05:00 [Information] HTTP "GET" "/api/Interes/publicacion/2" responded 200 in 7.2238 ms
2020-06-18 20:40:25.568 -05:00 [Information] HTTP "GET" "/api/Interes/publicacion/3" responded 200 in 19.8331 ms
2020-06-18 20:40:25.569 -05:00 [Information] HTTP "GET" "/api/Interes/publicacion/7" responded 200 in 6.7650 ms
2020-06-18 20:40:25.725 -05:00 [Information] HTTP "GET" "/api/Interes/publicacion/6" responded 200 in 20.3257 ms
2020-06-18 20:40:25.784 -05:00 [Information] HTTP "GET" "/api/Interes/publicacion/8" responded 200 in 77.0483 ms
2020-06-18 20:40:25.790 -05:00 [Information] HTTP "GET" "/api/Interes/publicacion/1" responded 200 in 79.8490 ms
2020-06-18 20:40:25.813 -05:00 [Information] HTTP "GET" "/api/Interes/publicacion/1" responded 200 in 109.7098 ms
2020-06-18 20:40:25.923 -05:00 [Information] HTTP "GET" "/api/Interes/publicacion/2" responded 200 in 40.6743 ms
2020-06-18 20:40:26.005 -05:00 [Information] HTTP "GET" "/api/Interes/publicacion/6" responded 200 in 101.1009 ms
2020-06-18 20:40:26.018 -05:00 [Information] HTTP "GET" "/api/Interes/publicacion/3" responded 200 in 109.1525 ms
2020-06-18 20:40:26.023 -05:00 [Information] HTTP "GET" "/api/Interes/publicacion/4" responded 200 in 113.1035 ms
2020-06-18 20:40:26.069 -05:00 [Information] HTTP "GET" "/api/Interes/publicacion/8" responded 200 in 158.2824 ms
2020-06-18 20:40:26.071 -05:00 [Information] HTTP "GET" "/api/Interes/publicacion/5" responded 200 in 151.2369 ms
2020-06-18 20:40:26.141 -05:00 [Information] HTTP "GET" "/api/Interes/publicacion/4" responded 200 in 220.2483 ms
2020-06-18 20:40:26.160 -05:00 [Information] HTTP "GET" "/api/Interes/publicacion/5" responded 200 in 245.0477 ms
2020-06-18 20:40:26.162 -05:00 [Information] HTTP "GET" "/api/Interes/publicacion/7" responded 200 in 243.9593 ms
2020-06-18 20:40:26.210 -05:00 [Information] HTTP "GET" "/api/Interes/publicacion/2" responded 200 in 45.6670 ms
2020-06-18 20:40:26.245 -05:00 [Information] HTTP "GET" "/api/Interes/publicacion/3" responded 200 in 78.5006 ms
2020-06-18 20:40:26.272 -05:00 [Information] HTTP "GET" "/api/Interes/publicacion/6" responded 200 in 102.8466 ms
2020-06-18 20:40:26.274 -05:00 [Information] HTTP "GET" "/api/Interes/publicacion/7" responded 200 in 104.9557 ms
2020-06-18 20:40:26.319 -05:00 [Information] HTTP "GET" "/api/Interes/publicacion/8" responded 200 in 44.0042 ms
2020-06-18 20:40:26.319 -05:00 [Information] HTTP "GET" "/api/Interes/publicacion/4" responded 200 in 4.4761 ms
2020-06-18 20:40:26.319 -05:00 [Information] HTTP "GET" "/api/Interes/publicacion/1" responded 200 in 36.2467 ms
2020-06-18 20:40:26.319 -05:00 [Information] HTTP "GET" "/api/Interes/publicacion/1" responded 200 in 34.4349 ms
2020-06-18 20:40:26.319 -05:00 [Information] HTTP "GET" "/api/Interes/publicacion/6" responded 200 in 8.1106 ms
2020-06-18 20:40:26.319 -05:00 [Information] HTTP "GET" "/api/Interes/publicacion/2" responded 200 in 14.3884 ms
2020-06-18 20:40:26.321 -05:00 [Information] HTTP "GET" "/api/Interes/publicacion/3" responded 200 in 6.6360 ms
2020-06-18 20:40:26.321 -05:00 [Information] HTTP "GET" "/api/Interes/publicacion/8" responded 200 in 6.2719 ms
2020-06-18 20:40:26.390 -05:00 [Information] HTTP "GET" "/api/Interes/publicacion/5" responded 200 in 5.3496 ms
2020-06-18 20:40:26.422 -05:00 [Information] HTTP "GET" "/api/Interes/publicacion/4" responded 200 in 7.1098 ms
2020-06-18 20:40:26.459 -05:00 [Information] HTTP "GET" "/api/Interes/publicacion/5" responded 200 in 4.2513 ms
2020-06-18 20:40:26.503 -05:00 [Information] HTTP "GET" "/api/Interes/publicacion/7" responded 200 in 11.5918 ms
2020-06-18 20:40:26.535 -05:00 [Information] HTTP "GET" "/api/Interes/publicacion/2" responded 200 in 3.1761 ms
2020-06-18 20:40:26.580 -05:00 [Information] HTTP "GET" "/api/Interes/publicacion/3" responded 200 in 9.0999 ms
2020-06-18 20:40:26.634 -05:00 [Information] HTTP "GET" "/api/Interes/publicacion/6" responded 200 in 5.3097 ms
2020-06-18 20:40:26.668 -05:00 [Information] HTTP "GET" "/api/Interes/publicacion/7" responded 200 in 3.2612 ms
2020-06-18 20:40:26.730 -05:00 [Information] HTTP "GET" "/api/Interes/publicacion/8" responded 200 in 27.5596 ms
2020-06-18 20:40:26.783 -05:00 [Information] HTTP "GET" "/api/Interes/publicacion/4" responded 200 in 9.2711 ms
2020-06-18 20:40:26.783 -05:00 [Information] HTTP "GET" "/api/Interes/publicacion/1" responded 200 in 2.4655 ms
2020-06-18 20:40:26.811 -05:00 [Information] HTTP "GET" "/api/Interes/publicacion/1" responded 200 in 2.3962 ms
2020-06-18 20:40:26.843 -05:00 [Information] HTTP "GET" "/api/Interes/publicacion/6" responded 200 in 3.2530 ms
2020-06-18 20:40:26.881 -05:00 [Information] HTTP "GET" "/api/Interes/publicacion/2" responded 200 in 8.9374 ms
2020-06-18 20:40:26.978 -05:00 [Information] HTTP "GET" "/api/Interes/publicacion/3" responded 200 in 49.0775 ms
2020-06-18 20:40:26.995 -05:00 [Information] HTTP "GET" "/api/Interes/publicacion/8" responded 200 in 36.3371 ms
2020-06-18 20:40:27.052 -05:00 [Information] HTTP "GET" "/api/Interes/publicacion/5" responded 200 in 7.7065 ms
2020-06-18 20:40:27.084 -05:00 [Information] HTTP "GET" "/api/Interes/publicacion/4" responded 200 in 2.9924 ms
2020-06-18 20:40:27.108 -05:00 [Information] HTTP "GET" "/api/Interes/publicacion/5" responded 200 in 16.0667 ms
2020-06-18 20:40:27.204 -05:00 [Information] HTTP "GET" "/api/Interes/publicacion/7" responded 200 in 29.2379 ms
2020-06-18 20:40:27.269 -05:00 [Information] HTTP "GET" "/api/Interes/publicacion/2" responded 200 in 14.4115 ms
2020-06-18 20:40:27.540 -05:00 [Information] HTTP "GET" "/api/Interes/publicacion/3" responded 200 in 237.5348 ms
2020-06-18 20:40:27.688 -05:00 [Information] HTTP "GET" "/api/Interes/publicacion/8" responded 200 in 37.2107 ms
2020-06-18 20:40:27.749 -05:00 [Information] HTTP "GET" "/api/Interes/publicacion/1" responded 200 in 95.1590 ms
2020-06-18 20:40:27.751 -05:00 [Information] HTTP "GET" "/api/Interes/publicacion/1" responded 200 in 97.7833 ms
2020-06-18 20:40:27.801 -05:00 [Information] HTTP "GET" "/api/Interes/publicacion/2" responded 200 in 145.9901 ms
2020-06-18 20:40:27.804 -05:00 [Information] HTTP "GET" "/api/Interes/publicacion/8" responded 200 in 132.9033 ms
2020-06-18 20:40:27.832 -05:00 [Information] HTTP "GET" "/api/Interes/publicacion/6" responded 200 in 189.9320 ms
2020-06-18 20:40:27.869 -05:00 [Information] HTTP "GET" "/api/Interes/publicacion/4" responded 200 in 216.7378 ms
2020-06-18 20:40:27.871 -05:00 [Information] HTTP "GET" "/api/Interes/publicacion/7" responded 200 in 221.3434 ms
2020-06-18 20:40:27.894 -05:00 [Information] HTTP "GET" "/api/Interes/publicacion/6" responded 200 in 239.8237 ms
2020-06-18 20:40:27.897 -05:00 [Information] HTTP "GET" "/api/Interes/publicacion/3" responded 200 in 241.4918 ms
2020-06-18 20:40:28.590 -05:00 [Information] HTTP "GET" "/api/Interes/publicacion/7" responded 200 in 57.9467 ms
2020-06-18 20:40:28.652 -05:00 [Information] HTTP "GET" "/api/Interes/publicacion/1" responded 200 in 128.5250 ms
2020-06-18 20:40:28.688 -05:00 [Information] HTTP "GET" "/api/Interes/publicacion/2" responded 200 in 153.7145 ms
2020-06-18 20:40:28.688 -05:00 [Information] HTTP "GET" "/api/Interes/publicacion/5" responded 200 in 163.5345 ms
2020-06-18 20:40:28.688 -05:00 [Information] HTTP "GET" "/api/Interes/publicacion/2" responded 200 in 99.6002 ms
2020-06-18 20:40:29.092 -05:00 [Information] HTTP "GET" "/api/Interes/publicacion/5" responded 200 in 2.3120 ms
2020-06-18 20:40:28.689 -05:00 [Information] HTTP "GET" "/api/Interes/publicacion/5" responded 200 in 224.2485 ms
2020-06-18 20:40:28.691 -05:00 [Information] HTTP "GET" "/api/Interes/publicacion/4" responded 200 in 167.5251 ms
2020-06-18 20:40:28.691 -05:00 [Information] HTTP "GET" "/api/Interes/publicacion/3" responded 200 in 103.3094 ms
2020-06-18 20:40:28.759 -05:00 [Information] HTTP "GET" "/api/Interes/publicacion/8" responded 200 in 64.5089 ms
2020-06-18 20:40:28.768 -05:00 [Information] HTTP "GET" "/api/Interes/publicacion/6" responded 200 in 35.0675 ms
2020-06-18 20:40:28.768 -05:00 [Information] HTTP "GET" "/api/Interes/publicacion/8" responded 200 in 36.2237 ms
2020-06-18 20:40:28.781 -05:00 [Information] HTTP "GET" "/api/Interes/publicacion/1" responded 200 in 50.5973 ms
2020-06-18 20:40:28.812 -05:00 [Information] HTTP "GET" "/api/Interes/publicacion/4" responded 200 in 2.8433 ms
2020-06-18 20:40:28.850 -05:00 [Information] HTTP "GET" "/api/Interes/publicacion/7" responded 200 in 8.5031 ms
2020-06-18 20:40:28.850 -05:00 [Information] HTTP "GET" "/api/Interes/publicacion/6" responded 200 in 6.7611 ms
2020-06-18 20:40:28.893 -05:00 [Information] HTTP "GET" "/api/Interes/publicacion/3" responded 200 in 2.8176 ms
2020-06-18 20:40:28.951 -05:00 [Information] HTTP "GET" "/api/Interes/publicacion/7" responded 200 in 18.9904 ms
2020-06-18 20:40:29.053 -05:00 [Information] HTTP "GET" "/api/Interes/publicacion/1" responded 200 in 25.9315 ms
2020-06-18 20:40:29.062 -05:00 [Information] HTTP "GET" "/api/Interes/publicacion/2" responded 200 in 7.3383 ms
2020-06-18 20:40:29.110 -05:00 [Information] HTTP "GET" "/api/Interes/publicacion/2" responded 200 in 2.2728 ms
2020-06-18 20:40:29.131 -05:00 [Information] HTTP "GET" "/api/Interes/publicacion/5" responded 200 in 8.5972 ms
2020-06-18 20:40:29.243 -05:00 [Information] HTTP "GET" "/api/Interes/publicacion/5" responded 200 in 12.9786 ms
2020-06-18 20:40:29.354 -05:00 [Information] HTTP "GET" "/api/Interes/publicacion/4" responded 200 in 23.4989 ms
2020-06-18 20:40:29.532 -05:00 [Information] HTTP "GET" "/api/Interes/publicacion/3" responded 200 in 28.9440 ms
2020-06-18 20:40:29.626 -05:00 [Information] HTTP "GET" "/api/Interes/publicacion/8" responded 200 in 3.9372 ms
2020-06-18 20:40:29.644 -05:00 [Information] HTTP "GET" "/api/Interes/publicacion/6" responded 200 in 3.5609 ms
2020-06-18 20:40:29.701 -05:00 [Information] HTTP "GET" "/api/Interes/publicacion/8" responded 200 in 5.9095 ms
2020-06-18 20:40:29.760 -05:00 [Information] HTTP "GET" "/api/Interes/publicacion/1" responded 200 in 11.2641 ms
2020-06-18 20:40:29.810 -05:00 [Information] HTTP "GET" "/api/Interes/publicacion/4" responded 200 in 9.1516 ms
2020-06-18 20:40:29.844 -05:00 [Information] HTTP "GET" "/api/Interes/publicacion/7" responded 200 in 2.7027 ms
2020-06-18 20:40:29.905 -05:00 [Information] HTTP "GET" "/api/Interes/publicacion/6" responded 200 in 10.2416 ms
2020-06-18 20:40:29.977 -05:00 [Information] HTTP "GET" "/api/Interes/publicacion/3" responded 200 in 28.3245 ms
2020-06-18 20:40:29.977 -05:00 [Information] HTTP "GET" "/api/Interes/publicacion/7" responded 200 in 24.3106 ms
2020-06-18 20:40:30.289 -05:00 [Information] HTTP "GET" "/api/Interes/publicacion/1" responded 200 in 68.2351 ms
2020-06-18 20:40:30.410 -05:00 [Information] HTTP "GET" "/api/Interes/publicacion/2" responded 200 in 187.9658 ms
2020-06-18 20:40:30.484 -05:00 [Information] HTTP "GET" "/api/Interes/publicacion/2" responded 200 in 261.0232 ms
2020-06-18 20:40:30.548 -05:00 [Information] HTTP "GET" "/api/Interes/publicacion/5" responded 200 in 36.1676 ms
2020-06-18 20:40:30.556 -05:00 [Information] HTTP "GET" "/api/Interes/publicacion/3" responded 200 in 20.6530 ms
2020-06-18 20:40:30.605 -05:00 [Information] HTTP "GET" "/api/Interes/publicacion/4" responded 200 in 70.6615 ms
2020-06-18 20:40:30.626 -05:00 [Information] HTTP "GET" "/api/Interes/publicacion/8" responded 200 in 80.7328 ms
2020-06-18 20:40:30.630 -05:00 [Information] HTTP "GET" "/api/Interes/publicacion/1" responded 200 in 84.6281 ms
2020-06-18 20:40:30.679 -05:00 [Information] HTTP "GET" "/api/Interes/publicacion/8" responded 200 in 142.4449 ms
2020-06-18 20:40:30.795 -05:00 [Information] HTTP "GET" "/api/Interes/publicacion/6" responded 200 in 250.5659 ms
2020-06-18 20:40:30.801 -05:00 [Information] HTTP "GET" "/api/Interes/publicacion/5" responded 200 in 268.6860 ms
2020-06-18 20:40:30.923 -05:00 [Information] HTTP "GET" "/api/Interes/publicacion/7" responded 200 in 28.2183 ms
2020-06-18 20:40:30.923 -05:00 [Information] HTTP "GET" "/api/Interes/publicacion/1" responded 200 in 27.7373 ms
2020-06-18 20:40:30.928 -05:00 [Information] HTTP "GET" "/api/Interes/publicacion/3" responded 200 in 25.0817 ms
2020-06-18 20:40:30.929 -05:00 [Information] HTTP "GET" "/api/Interes/publicacion/2" responded 200 in 27.5920 ms
2020-06-18 20:40:30.941 -05:00 [Information] HTTP "GET" "/api/Interes/publicacion/6" responded 200 in 57.8354 ms
2020-06-18 20:40:30.973 -05:00 [Information] HTTP "GET" "/api/Interes/publicacion/4" responded 200 in 92.2825 ms
2020-06-18 20:40:31.037 -05:00 [Information] HTTP "GET" "/api/Interes/publicacion/7" responded 200 in 154.9410 ms
2020-06-18 20:40:31.043 -05:00 [Information] HTTP "GET" "/api/Interes/publicacion/8" responded 200 in 21.5346 ms
2020-06-18 20:40:31.043 -05:00 [Information] HTTP "GET" "/api/Interes/publicacion/2" responded 200 in 143.6931 ms
2020-06-18 20:40:31.049 -05:00 [Information] HTTP "GET" "/api/Interes/publicacion/3" responded 200 in 154.6270 ms
2020-06-18 20:40:31.057 -05:00 [Information] HTTP "GET" "/api/Interes/publicacion/5" responded 200 in 154.8343 ms
2020-06-18 20:40:31.068 -05:00 [Information] HTTP "GET" "/api/Interes/publicacion/4" responded 200 in 52.7887 ms
2020-06-18 20:40:31.123 -05:00 [Information] HTTP "GET" "/api/Interes/publicacion/1" responded 200 in 8.6156 ms
2020-06-18 20:40:31.144 -05:00 [Information] HTTP "GET" "/api/Interes/publicacion/8" responded 200 in 10.6596 ms
2020-06-18 20:40:31.202 -05:00 [Information] HTTP "GET" "/api/Interes/publicacion/6" responded 200 in 7.1209 ms
2020-06-18 20:40:31.249 -05:00 [Information] HTTP "GET" "/api/Interes/publicacion/5" responded 200 in 8.1065 ms
2020-06-18 20:40:31.279 -05:00 [Information] HTTP "GET" "/api/Interes/publicacion/7" responded 200 in 5.7937 ms
2020-06-18 20:40:31.309 -05:00 [Information] HTTP "GET" "/api/Interes/publicacion/1" responded 200 in 3.7385 ms
2020-06-18 20:40:31.322 -05:00 [Information] HTTP "GET" "/api/Interes/publicacion/3" responded 200 in 2.5285 ms
2020-06-18 20:40:31.343 -05:00 [Information] HTTP "GET" "/api/Interes/publicacion/2" responded 200 in 2.6887 ms
2020-06-18 20:40:31.399 -05:00 [Information] HTTP "GET" "/api/Interes/publicacion/6" responded 200 in 26.9497 ms
2020-06-18 20:40:31.412 -05:00 [Information] HTTP "GET" "/api/Interes/publicacion/4" responded 200 in 12.3666 ms
2020-06-18 20:40:31.473 -05:00 [Information] HTTP "GET" "/api/Interes/publicacion/7" responded 200 in 8.8413 ms
2020-06-18 20:40:31.513 -05:00 [Information] HTTP "GET" "/api/Interes/publicacion/8" responded 200 in 9.9091 ms
2020-06-18 20:40:31.563 -05:00 [Information] HTTP "GET" "/api/Interes/publicacion/2" responded 200 in 18.6045 ms
2020-06-18 20:40:31.614 -05:00 [Information] HTTP "GET" "/api/Interes/publicacion/3" responded 200 in 3.1273 ms
2020-06-18 20:40:31.680 -05:00 [Information] HTTP "GET" "/api/Interes/publicacion/5" responded 200 in 14.6567 ms
2020-06-18 20:40:31.732 -05:00 [Information] HTTP "GET" "/api/Interes/publicacion/4" responded 200 in 13.3245 ms
2020-06-18 20:40:31.872 -05:00 [Information] HTTP "GET" "/api/Interes/publicacion/1" responded 200 in 7.2301 ms
2020-06-18 20:40:31.881 -05:00 [Information] HTTP "GET" "/api/Interes/publicacion/8" responded 200 in 1.8918 ms
2020-06-18 20:40:31.927 -05:00 [Information] HTTP "GET" "/api/Interes/publicacion/6" responded 200 in 6.4805 ms
2020-06-18 20:40:32.303 -05:00 [Information] HTTP "GET" "/api/Interes/publicacion/5" responded 200 in 329.1874 ms
2020-06-18 20:40:32.307 -05:00 [Information] HTTP "GET" "/api/Interes/publicacion/7" responded 200 in 302.4606 ms
2020-06-18 20:40:32.436 -05:00 [Information] HTTP "GET" "/api/Interes/publicacion/2" responded 200 in 40.4484 ms
2020-06-18 20:40:32.654 -05:00 [Information] HTTP "GET" "/api/Interes/publicacion/3" responded 200 in 239.5823 ms
2020-06-18 20:40:32.666 -05:00 [Information] HTTP "GET" "/api/Interes/publicacion/6" responded 200 in 278.2432 ms
2020-06-18 20:40:32.887 -05:00 [Information] HTTP "GET" "/api/Interes/publicacion/7" responded 200 in 493.1948 ms
2020-06-18 20:40:33.456 -05:00 [Information] HTTP "GET" "/api/Interes/publicacion/8" responded 200 in 1061.3985 ms
2020-06-18 20:40:33.466 -05:00 [Information] HTTP "GET" "/api/Interes/publicacion/2" responded 200 in 1078.8545 ms
2020-06-18 20:40:33.469 -05:00 [Information] HTTP "GET" "/api/Interes/publicacion/5" responded 200 in 1053.2040 ms
2020-06-18 20:40:34.069 -05:00 [Information] HTTP "GET" "/api/Interes/publicacion/1" responded 200 in 1693.5741 ms
2020-06-18 20:40:34.089 -05:00 [Information] HTTP "GET" "/api/Interes/publicacion/4" responded 200 in 1696.7248 ms
2020-06-18 20:40:34.116 -05:00 [Information] HTTP "GET" "/api/Interes/publicacion/3" responded 200 in 1729.4290 ms
2020-06-18 20:40:34.409 -05:00 [Information] HTTP "GET" "/api/Interes/publicacion/1" responded 200 in 277.4969 ms
2020-06-18 20:40:34.409 -05:00 [Information] HTTP "GET" "/api/Interes/publicacion/2" responded 200 in 247.4266 ms
2020-06-18 20:40:34.411 -05:00 [Information] HTTP "GET" "/api/Interes/publicacion/2" responded 200 in 242.6659 ms
2020-06-18 20:40:34.412 -05:00 [Information] HTTP "GET" "/api/Interes/publicacion/3" responded 200 in 231.5494 ms
2020-06-18 20:40:34.433 -05:00 [Information] HTTP "GET" "/api/Interes/publicacion/7" responded 200 in 259.4408 ms
2020-06-18 20:40:34.441 -05:00 [Information] HTTP "GET" "/api/Interes/publicacion/8" responded 200 in 285.4340 ms
2020-06-18 20:40:34.442 -05:00 [Information] HTTP "GET" "/api/Interes/publicacion/5" responded 200 in 284.4010 ms
2020-06-18 20:40:34.508 -05:00 [Information] HTTP "GET" "/api/Interes/publicacion/3" responded 200 in 346.9108 ms
2020-06-18 20:40:34.559 -05:00 [Information] HTTP "GET" "/api/Interes/publicacion/4" responded 200 in 398.6294 ms
2020-06-18 20:40:34.610 -05:00 [Information] HTTP "GET" "/api/Interes/publicacion/1" responded 200 in 477.4834 ms
2020-06-18 20:40:34.611 -05:00 [Information] HTTP "GET" "/api/Interes/publicacion/6" responded 200 in 480.6124 ms
2020-06-18 20:40:34.611 -05:00 [Information] HTTP "GET" "/api/Interes/publicacion/4" responded 200 in 478.7662 ms
2020-06-18 20:40:35.793 -05:00 [Information] HTTP "GET" "/api/Interes/publicacion/6" responded 200 in 1634.5907 ms
2020-06-18 20:40:36.460 -05:00 [Information] HTTP "GET" "/api/Interes/publicacion/8" responded 200 in 2290.3924 ms
2020-06-18 20:40:36.766 -05:00 [Information] HTTP "GET" "/api/Interes/publicacion/7" responded 200 in 2632.5649 ms
2020-06-18 20:40:36.922 -05:00 [Information] HTTP "GET" "/api/CategoriasActividad" responded 200 in 2689.4655 ms
2020-06-18 20:40:38.092 -05:00 [Information] HTTP "GET" "/api/Interes/publicacion/5" responded 200 in 3910.6503 ms
2020-06-18 20:40:38.093 -05:00 [Information] HTTP "GET" "/api/Publicaciones" responded 200 in 3898.0740 ms
2020-06-18 20:40:38.225 -05:00 [Information] HTTP "GET" "/api/CategoriasActividad" responded 200 in 31.4446 ms
2020-06-18 20:40:38.226 -05:00 [Information] HTTP "GET" "/api/Publicaciones" responded 200 in 34.9882 ms
2020-06-18 20:41:51.582 -05:00 [Information] Iniciando aplicación ...
2020-06-18 20:46:07.617 -05:00 [Information] HTTP "GET" "/api/CategoriasActividad" responded 200 in 756.1078 ms
2020-06-18 20:46:07.749 -05:00 [Information] HTTP "GET" "/api/Publicaciones" responded 200 in 889.7869 ms
2020-06-18 20:46:08.477 -05:00 [Information] HTTP "GET" "/api/Interes/publicacion/7" responded 200 in 179.7747 ms
2020-06-18 20:46:08.520 -05:00 [Information] HTTP "GET" "/api/Interes/publicacion/2" responded 200 in 224.2960 ms
2020-06-18 20:46:08.521 -05:00 [Information] HTTP "GET" "/api/Interes/publicacion/1" responded 200 in 229.5654 ms
2020-06-18 20:46:08.537 -05:00 [Information] HTTP "GET" "/api/Interes/publicacion/6" responded 200 in 300.5418 ms
2020-06-18 20:46:08.538 -05:00 [Information] HTTP "GET" "/api/Interes/publicacion/5" responded 200 in 241.2584 ms
2020-06-18 20:46:08.539 -05:00 [Information] HTTP "GET" "/api/Interes/publicacion/4" responded 200 in 322.3806 ms
2020-06-18 20:46:08.593 -05:00 [Information] HTTP "GET" "/api/Archivo_SitioTuristico/sitio/1/random?1592531168065" responded 200 in 418.5975 ms
2020-06-18 20:46:08.610 -05:00 [Information] HTTP "GET" "/api/Interes/publicacion/8" responded 200 in 371.1744 ms
2020-06-18 20:46:08.610 -05:00 [Information] HTTP "GET" "/api/Interes/publicacion/3" responded 200 in 313.5588 ms
2020-06-18 20:46:08.760 -05:00 [Information] HTTP "GET" "/api/Archivo_SitioTuristico/sitio/1/random?1592531168068" responded 200 in 550.4638 ms
2020-06-18 20:46:08.819 -05:00 [Information] HTTP "GET" "/api/Archivo_SitioTuristico/sitio/1/random?1592531168069" responded 200 in 578.1159 ms
2020-06-18 20:46:08.862 -05:00 [Information] HTTP "GET" "/api/Archivo_SitioTuristico/sitio/1/random?1592531168067" responded 200 in 662.0800 ms
2020-06-18 20:46:24.881 -05:00 [Information] HTTP "GET" "/api/Interes" responded 200 in 62.2011 ms
2020-06-18 20:47:08.791 -05:00 [Information] HTTP "GET" "/api/Publicaciones/1" responded 200 in 211.4012 ms
2020-06-18 20:47:09.126 -05:00 [Information] HTTP "GET" "/api/Interes/publicacion/1/usuario/2" responded 200 in 138.4444 ms
2020-06-18 20:47:09.234 -05:00 [Information] HTTP "GET" "/api/Reserva/publicacion/1/usuario/2" responded 404 in 246.2118 ms
2020-06-18 20:47:10.812 -05:00 [Information] HTTP "OPTIONS" "/api/Interes/publicacion/1/usuario/2" responded 204 in 3.1842 ms
2020-06-18 20:47:11.382 -05:00 [Information] HTTP "DELETE" "/api/Interes/publicacion/1/usuario/2" responded 200 in 555.8697 ms
2020-06-18 20:47:12.073 -05:00 [Information] HTTP "GET" "/api/CategoriasActividad" responded 200 in 35.9728 ms
2020-06-18 20:47:12.078 -05:00 [Information] HTTP "GET" "/api/Interes/publicacion/2" responded 200 in 52.7444 ms
2020-06-18 20:47:12.084 -05:00 [Information] HTTP "GET" "/api/Interes/publicacion/3" responded 200 in 57.7175 ms
2020-06-18 20:47:12.095 -05:00 [Information] HTTP "GET" "/api/Interes/publicacion/5" responded 200 in 64.8712 ms
2020-06-18 20:47:12.096 -05:00 [Information] HTTP "GET" "/api/Interes/publicacion/6" responded 200 in 62.0373 ms
2020-06-18 20:47:12.099 -05:00 [Information] HTTP "GET" "/api/Interes/publicacion/7" responded 200 in 62.7499 ms
2020-06-18 20:47:12.104 -05:00 [Information] HTTP "GET" "/api/Interes/publicacion/4" responded 200 in 67.3121 ms
2020-06-18 20:47:12.129 -05:00 [Information] HTTP "GET" "/api/Publicaciones" responded 200 in 93.2216 ms
2020-06-18 20:47:12.131 -05:00 [Information] HTTP "GET" "/api/Interes/publicacion/8" responded 200 in 94.6938 ms
2020-06-18 20:47:12.150 -05:00 [Information] HTTP "GET" "/api/Interes/publicacion/1" responded 200 in 126.1310 ms
2020-06-18 20:47:12.496 -05:00 [Information] HTTP "GET" "/api/Interes/publicacion/2" responded 200 in 78.1217 ms
2020-06-18 20:47:12.515 -05:00 [Information] HTTP "GET" "/api/Interes/publicacion/1" responded 200 in 96.7914 ms
2020-06-18 20:47:12.517 -05:00 [Information] HTTP "GET" "/api/Interes/publicacion/3" responded 200 in 96.2221 ms
2020-06-18 20:47:12.563 -05:00 [Information] HTTP "GET" "/api/Interes/publicacion/4" responded 200 in 141.0000 ms
2020-06-18 20:47:12.613 -05:00 [Information] HTTP "GET" "/api/Interes/publicacion/6" responded 200 in 189.7562 ms
2020-06-18 20:47:12.620 -05:00 [Information] HTTP "GET" "/api/Interes/publicacion/5" responded 200 in 196.4759 ms
2020-06-18 20:47:12.623 -05:00 [Information] HTTP "GET" "/api/Interes/publicacion/7" responded 200 in 197.9640 ms
2020-06-18 20:47:12.624 -05:00 [Information] HTTP "GET" "/api/Interes/publicacion/8" responded 200 in 198.5616 ms
2020-06-18 20:47:12.679 -05:00 [Information] HTTP "GET" "/api/Archivo_SitioTuristico/sitio/1/random?1592531232341" responded 200 in 265.4737 ms
2020-06-18 20:47:12.712 -05:00 [Information] HTTP "GET" "/api/Archivo_SitioTuristico/sitio/1/random?1592531232338" responded 200 in 316.3933 ms
2020-06-18 20:47:12.732 -05:00 [Information] HTTP "GET" "/api/Archivo_SitioTuristico/sitio/1/random?1592531232342" responded 200 in 314.7647 ms
2020-06-18 20:47:12.752 -05:00 [Information] HTTP "GET" "/api/Archivo_SitioTuristico/sitio/1/random?1592531232337" responded 200 in 361.1073 ms
2020-06-18 20:47:12.764 -05:00 [Information] HTTP "GET" "/api/Archivo_SitioTuristico/sitio/1/random?1592531232340" responded 200 in 350.8673 ms
2020-06-18 20:47:12.772 -05:00 [Information] HTTP "GET" "/api/Archivo_SitioTuristico/sitio/1/random?1592531232339" responded 200 in 358.5099 ms
2020-06-18 20:47:21.807 -05:00 [Information] HTTP "GET" "/api/Reserva/publicacion/1/usuario/2" responded 404 in 13.3775 ms
2020-06-18 20:47:21.807 -05:00 [Information] HTTP "GET" "/api/Interes/publicacion/1/usuario/2" responded 404 in 13.3928 ms
2020-06-18 20:47:21.807 -05:00 [Information] HTTP "GET" "/api/Publicaciones/6" responded 200 in 13.6447 ms
2020-06-18 20:47:21.886 -05:00 [Information] HTTP "GET" "/api/Interes/publicacion/6/usuario/2" responded 404 in 9.7320 ms
2020-06-18 20:47:21.888 -05:00 [Information] HTTP "GET" "/api/Reserva/publicacion/6/usuario/2" responded 404 in 11.7042 ms
2020-06-18 20:47:23.209 -05:00 [Information] HTTP "OPTIONS" "/api/Interes/" responded 204 in 1.3630 ms
2020-06-18 20:47:23.525 -05:00 [Information] HTTP "POST" "/api/Interes/" responded 201 in 304.4877 ms
2020-06-18 20:47:24.194 -05:00 [Information] HTTP "GET" "/api/Interes/publicacion/1" responded 200 in 29.1426 ms
2020-06-18 20:47:24.195 -05:00 [Information] HTTP "GET" "/api/Interes/publicacion/3" responded 200 in 25.3282 ms
2020-06-18 20:47:24.202 -05:00 [Information] HTTP "GET" "/api/Publicaciones" responded 200 in 26.6262 ms
2020-06-18 20:47:24.203 -05:00 [Information] HTTP "GET" "/api/Interes/publicacion/5" responded 200 in 28.0035 ms
2020-06-18 20:47:24.206 -05:00 [Information] HTTP "GET" "/api/Interes/publicacion/6" responded 200 in 30.7551 ms
2020-06-18 20:47:24.208 -05:00 [Information] HTTP "GET" "/api/Interes/publicacion/8" responded 200 in 33.0789 ms
2020-06-18 20:47:24.213 -05:00 [Information] HTTP "GET" "/api/Interes/publicacion/4" responded 200 in 43.7128 ms
2020-06-18 20:47:24.215 -05:00 [Information] HTTP "GET" "/api/Interes/publicacion/2" responded 200 in 48.4356 ms
2020-06-18 20:47:24.217 -05:00 [Information] HTTP "GET" "/api/Interes/publicacion/7" responded 200 in 41.7534 ms
2020-06-18 20:47:24.224 -05:00 [Information] HTTP "GET" "/api/CategoriasActividad" responded 200 in 47.5526 ms
2020-06-18 20:47:24.504 -05:00 [Information] HTTP "GET" "/api/Interes/publicacion/7" responded 200 in 14.3073 ms
2020-06-18 20:47:24.504 -05:00 [Information] HTTP "GET" "/api/Interes/publicacion/3" responded 200 in 18.8583 ms
2020-06-18 20:47:24.505 -05:00 [Information] HTTP "GET" "/api/Interes/publicacion/6" responded 200 in 16.2435 ms
2020-06-18 20:47:24.507 -05:00 [Information] HTTP "GET" "/api/Interes/publicacion/5" responded 200 in 19.3108 ms
2020-06-18 20:47:24.507 -05:00 [Information] HTTP "GET" "/api/Interes/publicacion/8" responded 200 in 17.1487 ms
2020-06-18 20:47:24.510 -05:00 [Information] HTTP "GET" "/api/Interes/publicacion/1" responded 200 in 24.6175 ms
2020-06-18 20:47:24.510 -05:00 [Information] HTTP "GET" "/api/Interes/publicacion/4" responded 200 in 20.9368 ms
2020-06-18 20:47:24.511 -05:00 [Information] HTTP "GET" "/api/Interes/publicacion/2" responded 200 in 25.1264 ms
2020-06-18 20:47:24.620 -05:00 [Information] HTTP "GET" "/api/Archivo_SitioTuristico/sitio/1/random?1592531244434" responded 200 in 144.3839 ms
2020-06-18 20:47:44.900 -05:00 [Information] HTTP "OPTIONS" "/api/Usuarios/Register" responded 204 in 0.2588 ms
2020-06-18 20:47:45.640 -05:00 [Information] HTTP "POST" "/api/Usuarios/Register" responded 201 in 733.0627 ms
2020-06-18 20:47:48.674 -05:00 [Information] HTTP "GET" "/api/CategoriasActividad" responded 200 in 24.6484 ms
2020-06-18 20:47:48.680 -05:00 [Information] HTTP "GET" "/api/Interes/publicacion/5" responded 200 in 32.3414 ms
2020-06-18 20:47:48.681 -05:00 [Information] HTTP "GET" "/api/Interes/publicacion/2" responded 200 in 39.1794 ms
2020-06-18 20:47:48.691 -05:00 [Information] HTTP "GET" "/api/Interes/publicacion/1" responded 200 in 49.0944 ms
2020-06-18 20:47:48.691 -05:00 [Information] HTTP "GET" "/api/Interes/publicacion/6" responded 200 in 43.3680 ms
2020-06-18 20:47:48.710 -05:00 [Information] HTTP "GET" "/api/Publicaciones" responded 200 in 60.1880 ms
2020-06-18 20:47:48.747 -05:00 [Information] HTTP "GET" "/api/Interes/publicacion/3" responded 200 in 99.6374 ms
2020-06-18 20:47:48.775 -05:00 [Information] HTTP "GET" "/api/Interes/publicacion/8" responded 200 in 126.5904 ms
2020-06-18 20:47:48.776 -05:00 [Information] HTTP "GET" "/api/Interes/publicacion/7" responded 200 in 127.0779 ms
2020-06-18 20:47:48.778 -05:00 [Information] HTTP "GET" "/api/Interes/publicacion/4" responded 200 in 130.8523 ms
2020-06-18 20:47:49.050 -05:00 [Information] HTTP "GET" "/api/Interes/publicacion/6" responded 200 in 10.2293 ms
2020-06-18 20:47:49.051 -05:00 [Information] HTTP "GET" "/api/Interes/publicacion/5" responded 200 in 10.9356 ms
2020-06-18 20:47:49.054 -05:00 [Information] HTTP "GET" "/api/Interes/publicacion/3" responded 200 in 14.8463 ms
2020-06-18 20:47:49.058 -05:00 [Information] HTTP "GET" "/api/Interes/publicacion/1" responded 200 in 18.8489 ms
2020-06-18 20:47:49.059 -05:00 [Information] HTTP "GET" "/api/Interes/publicacion/7" responded 200 in 19.2854 ms
2020-06-18 20:47:49.062 -05:00 [Information] HTTP "GET" "/api/Interes/publicacion/2" responded 200 in 23.1905 ms
2020-06-18 20:47:49.066 -05:00 [Information] HTTP "GET" "/api/Interes/publicacion/4" responded 200 in 26.3235 ms
2020-06-18 20:47:49.068 -05:00 [Information] HTTP "GET" "/api/Interes/publicacion/8" responded 200 in 28.3971 ms
2020-06-18 20:47:49.105 -05:00 [Information] HTTP "GET" "/api/Archivo_SitioTuristico/sitio/1/random?1592531268900" responded 200 in 66.5755 ms
2020-06-18 20:47:49.105 -05:00 [Information] HTTP "GET" "/api/Archivo_SitioTuristico/sitio/1/random?1592531268901" responded 200 in 65.9702 ms
2020-06-18 20:47:49.388 -05:00 [Information] HTTP "GET" "/api/Archivo_SitioTuristico/sitio/1/random?1592531268896" responded 200 in 352.3782 ms
2020-06-18 20:47:49.412 -05:00 [Information] HTTP "GET" "/api/Archivo_SitioTuristico/sitio/1/random?1592531268898" responded 200 in 374.8762 ms
2020-06-18 20:47:49.424 -05:00 [Information] HTTP "GET" "/api/Archivo_SitioTuristico/sitio/1/random?1592531268899" responded 200 in 385.8869 ms
2020-06-18 20:47:52.100 -05:00 [Information] HTTP "GET" "/api/Reserva/publicacion/6/usuario/3" responded 404 in 7.1263 ms
2020-06-18 20:47:52.114 -05:00 [Information] HTTP "GET" "/api/Interes/publicacion/6/usuario/3" responded 404 in 23.6549 ms
2020-06-18 20:47:52.120 -05:00 [Information] HTTP "GET" "/api/Publicaciones/3" responded 200 in 27.7020 ms
2020-06-18 20:47:52.239 -05:00 [Information] HTTP "GET" "/api/Reserva/publicacion/3/usuario/3" responded 404 in 3.7780 ms
2020-06-18 20:47:52.239 -05:00 [Information] HTTP "GET" "/api/Interes/publicacion/3/usuario/3" responded 404 in 3.8900 ms
2020-06-18 20:47:54.353 -05:00 [Information] HTTP "OPTIONS" "/api/Interes/" responded 204 in 0.1290 ms
2020-06-18 20:47:54.397 -05:00 [Information] HTTP "POST" "/api/Interes/" responded 201 in 32.9145 ms
2020-06-18 20:47:54.984 -05:00 [Information] HTTP "GET" "/api/Interes/publicacion/2" responded 200 in 5.4989 ms
2020-06-18 20:47:54.989 -05:00 [Information] HTTP "GET" "/api/Interes/publicacion/5" responded 200 in 4.3024 ms
2020-06-18 20:47:54.995 -05:00 [Information] HTTP "GET" "/api/Interes/publicacion/4" responded 200 in 10.6175 ms
2020-06-18 20:47:54.995 -05:00 [Information] HTTP "GET" "/api/Interes/publicacion/6" responded 200 in 10.6174 ms
2020-06-18 20:47:54.996 -05:00 [Information] HTTP "GET" "/api/CategoriasActividad" responded 200 in 9.7248 ms
2020-06-18 20:47:54.996 -05:00 [Information] HTTP "GET" "/api/Interes/publicacion/1" responded 200 in 12.4406 ms
2020-06-18 20:47:54.997 -05:00 [Information] HTTP "GET" "/api/Publicaciones" responded 200 in 10.9186 ms
2020-06-18 20:47:54.997 -05:00 [Information] HTTP "GET" "/api/Interes/publicacion/7" responded 200 in 11.1006 ms
2020-06-18 20:47:54.999 -05:00 [Information] HTTP "GET" "/api/Interes/publicacion/8" responded 200 in 13.4108 ms
2020-06-18 20:47:54.999 -05:00 [Information] HTTP "GET" "/api/Interes/publicacion/3" responded 200 in 15.5157 ms
2020-06-18 20:47:55.358 -05:00 [Information] HTTP "GET" "/api/Interes/publicacion/5" responded 200 in 2.4656 ms
2020-06-18 20:47:55.358 -05:00 [Information] HTTP "GET" "/api/Interes/publicacion/2" responded 200 in 4.5221 ms
2020-06-18 20:47:55.359 -05:00 [Information] HTTP "GET" "/api/Interes/publicacion/1" responded 200 in 4.8274 ms
2020-06-18 20:47:55.359 -05:00 [Information] HTTP "GET" "/api/Interes/publicacion/3" responded 200 in 3.8593 ms
2020-06-18 20:47:55.359 -05:00 [Information] HTTP "GET" "/api/Interes/publicacion/6" responded 200 in 3.3980 ms
2020-06-18 20:47:55.365 -05:00 [Information] HTTP "GET" "/api/Interes/publicacion/4" responded 200 in 10.0680 ms
2020-06-18 20:47:55.366 -05:00 [Information] HTTP "GET" "/api/Interes/publicacion/7" responded 200 in 9.9813 ms
2020-06-18 20:47:55.368 -05:00 [Information] HTTP "GET" "/api/Interes/publicacion/8" responded 200 in 11.8268 ms
2020-06-18 20:47:55.531 -05:00 [Information] HTTP "GET" "/api/Archivo_SitioTuristico/sitio/1/random?1592531275297" responded 200 in 178.4330 ms
2020-06-18 20:47:55.544 -05:00 [Information] HTTP "GET" "/api/Archivo_SitioTuristico/sitio/1/random?1592531275298" responded 200 in 191.0150 ms
2020-06-18 20:47:56.999 -05:00 [Information] HTTP "GET" "/api/Reserva/publicacion/3/usuario/3" responded 404 in 4.1415 ms
2020-06-18 20:47:56.999 -05:00 [Information] HTTP "GET" "/api/Interes/publicacion/3/usuario/3" responded 200 in 4.6730 ms
2020-06-18 20:47:56.999 -05:00 [Information] HTTP "GET" "/api/Publicaciones/6" responded 200 in 4.0189 ms
2020-06-18 20:47:57.117 -05:00 [Information] HTTP "GET" "/api/Interes/publicacion/6/usuario/3" responded 404 in 3.9611 ms
2020-06-18 20:47:57.118 -05:00 [Information] HTTP "GET" "/api/Reserva/publicacion/6/usuario/3" responded 404 in 4.2865 ms
2020-06-18 20:47:58.623 -05:00 [Information] HTTP "POST" "/api/Interes/" responded 201 in 12.3225 ms
2020-06-18 20:47:59.196 -05:00 [Information] HTTP "GET" "/api/Interes/publicacion/4" responded 200 in 8.0549 ms
2020-06-18 20:47:59.197 -05:00 [Information] HTTP "GET" "/api/Interes/publicacion/1" responded 200 in 11.7430 ms
2020-06-18 20:47:59.197 -05:00 [Information] HTTP "GET" "/api/Interes/publicacion/3" responded 200 in 10.8305 ms
2020-06-18 20:47:59.197 -05:00 [Information] HTTP "GET" "/api/Interes/publicacion/5" responded 200 in 5.1950 ms
2020-06-18 20:47:59.197 -05:00 [Information] HTTP "GET" "/api/Interes/publicacion/2" responded 200 in 11.4619 ms
2020-06-18 20:47:59.197 -05:00 [Information] HTTP "GET" "/api/Interes/publicacion/6" responded 200 in 4.6147 ms
2020-06-18 20:47:59.197 -05:00 [Information] HTTP "GET" "/api/CategoriasActividad" responded 200 in 3.8055 ms
2020-06-18 20:47:59.198 -05:00 [Information] HTTP "GET" "/api/Interes/publicacion/8" responded 200 in 4.4203 ms
2020-06-18 20:47:59.198 -05:00 [Information] HTTP "GET" "/api/Interes/publicacion/7" responded 200 in 4.4614 ms
2020-06-18 20:47:59.205 -05:00 [Information] HTTP "GET" "/api/Publicaciones" responded 200 in 10.8259 ms
2020-06-18 20:47:59.486 -05:00 [Information] HTTP "GET" "/api/Interes/publicacion/6" responded 200 in 7.3085 ms
2020-06-18 20:47:59.486 -05:00 [Information] HTTP "GET" "/api/Interes/publicacion/1" responded 200 in 9.9851 ms
2020-06-18 20:47:59.488 -05:00 [Information] HTTP "GET" "/api/Interes/publicacion/2" responded 200 in 10.1467 ms
2020-06-18 20:47:59.496 -05:00 [Information] HTTP "GET" "/api/Interes/publicacion/5" responded 200 in 17.3584 ms
2020-06-18 20:47:59.503 -05:00 [Information] HTTP "GET" "/api/Interes/publicacion/8" responded 200 in 24.2227 ms
2020-06-18 20:47:59.514 -05:00 [Information] HTTP "GET" "/api/Interes/publicacion/4" responded 200 in 35.6996 ms
2020-06-18 20:47:59.514 -05:00 [Information] HTTP "GET" "/api/Interes/publicacion/3" responded 200 in 36.6654 ms
2020-06-18 20:47:59.519 -05:00 [Information] HTTP "GET" "/api/Interes/publicacion/7" responded 200 in 39.9514 ms
2020-06-18 20:47:59.558 -05:00 [Information] HTTP "GET" "/api/Archivo_SitioTuristico/sitio/1/random?1592531279429" responded 200 in 94.4673 ms
2020-06-18 20:47:59.568 -05:00 [Information] HTTP "GET" "/api/Archivo_SitioTuristico/sitio/1/random?1592531279430" responded 200 in 93.1542 ms
2020-06-18 20:48:20.122 -05:00 [Information] HTTP "OPTIONS" "/api/Usuarios/Register" responded 204 in 0.1054 ms
2020-06-18 20:48:20.389 -05:00 [Information] HTTP "POST" "/api/Usuarios/Register" responded 201 in 260.0482 ms
2020-06-18 20:48:25.008 -05:00 [Information] HTTP "GET" "/api/Interes/publicacion/1" responded 200 in 8.3669 ms
2020-06-18 20:48:25.012 -05:00 [Information] HTTP "GET" "/api/Interes/publicacion/2" responded 200 in 12.8677 ms
2020-06-18 20:48:25.013 -05:00 [Information] HTTP "GET" "/api/Interes/publicacion/7" responded 200 in 10.5334 ms
2020-06-18 20:48:25.013 -05:00 [Information] HTTP "GET" "/api/Interes/publicacion/5" responded 200 in 11.7487 ms
2020-06-18 20:48:25.013 -05:00 [Information] HTTP "GET" "/api/Interes/publicacion/3" responded 200 in 11.9096 ms
2020-06-18 20:48:25.013 -05:00 [Information] HTTP "GET" "/api/Interes/publicacion/6" responded 200 in 11.3709 ms
2020-06-18 20:48:25.017 -05:00 [Information] HTTP "GET" "/api/Interes/publicacion/8" responded 200 in 13.9361 ms
2020-06-18 20:48:25.017 -05:00 [Information] HTTP "GET" "/api/CategoriasActividad" responded 200 in 6.1868 ms
2020-06-18 20:48:25.018 -05:00 [Information] HTTP "GET" "/api/Publicaciones" responded 200 in 9.6132 ms
2020-06-18 20:48:25.020 -05:00 [Information] HTTP "GET" "/api/Interes/publicacion/4" responded 200 in 11.2815 ms
2020-06-18 20:48:25.317 -05:00 [Information] HTTP "GET" "/api/Interes/publicacion/1" responded 200 in 9.8408 ms
2020-06-18 20:48:25.317 -05:00 [Information] HTTP "GET" "/api/Interes/publicacion/4" responded 200 in 7.9211 ms
2020-06-18 20:48:25.318 -05:00 [Information] HTTP "GET" "/api/Interes/publicacion/3" responded 200 in 8.9747 ms
2020-06-18 20:48:25.319 -05:00 [Information] HTTP "GET" "/api/Interes/publicacion/5" responded 200 in 9.3137 ms
2020-06-18 20:48:25.320 -05:00 [Information] HTTP "GET" "/api/Interes/publicacion/6" responded 200 in 9.7413 ms
2020-06-18 20:48:25.321 -05:00 [Information] HTTP "GET" "/api/Interes/publicacion/7" responded 200 in 10.3102 ms
2020-06-18 20:48:25.321 -05:00 [Information] HTTP "GET" "/api/Interes/publicacion/8" responded 200 in 10.2167 ms
2020-06-18 20:48:25.331 -05:00 [Information] HTTP "GET" "/api/Interes/publicacion/2" responded 200 in 23.2399 ms
2020-06-18 20:48:25.354 -05:00 [Information] HTTP "GET" "/api/Archivo_SitioTuristico/sitio/1/random?1592531305254" responded 200 in 62.1535 ms
2020-06-18 20:48:25.362 -05:00 [Information] HTTP "GET" "/api/Archivo_SitioTuristico/sitio/1/random?1592531305255" responded 200 in 61.5443 ms
2020-06-18 20:48:25.375 -05:00 [Information] HTTP "GET" "/api/Archivo_SitioTuristico/sitio/1/random?1592531305253" responded 200 in 84.1717 ms
2020-06-18 20:48:32.236 -05:00 [Information] HTTP "GET" "/api/Reserva/publicacion/6/usuario/4" responded 404 in 6.7230 ms
2020-06-18 20:48:32.236 -05:00 [Information] HTTP "GET" "/api/Publicaciones/6" responded 200 in 7.5103 ms
2020-06-18 20:48:32.238 -05:00 [Information] HTTP "GET" "/api/Interes/publicacion/6/usuario/4" responded 404 in 9.2709 ms
2020-06-18 20:48:32.320 -05:00 [Information] HTTP "GET" "/api/Reserva/publicacion/6/usuario/4" responded 404 in 14.4620 ms
2020-06-18 20:48:32.320 -05:00 [Information] HTTP "GET" "/api/Interes/publicacion/6/usuario/4" responded 404 in 14.6843 ms
2020-06-18 20:48:34.092 -05:00 [Information] HTTP "OPTIONS" "/api/Interes/" responded 204 in 0.1231 ms
2020-06-18 20:48:34.107 -05:00 [Information] HTTP "POST" "/api/Interes/" responded 201 in 8.5026 ms
2020-06-18 20:48:35.158 -05:00 [Information] HTTP "GET" "/api/Interes/publicacion/5" responded 200 in 3.9093 ms
2020-06-18 20:48:35.159 -05:00 [Information] HTTP "GET" "/api/Interes/publicacion/2" responded 200 in 4.8733 ms
2020-06-18 20:48:35.159 -05:00 [Information] HTTP "GET" "/api/Interes/publicacion/4" responded 200 in 4.0399 ms
2020-06-18 20:48:35.159 -05:00 [Information] HTTP "GET" "/api/Interes/publicacion/1" responded 200 in 8.5299 ms
2020-06-18 20:48:35.159 -05:00 [Information] HTTP "GET" "/api/Interes/publicacion/6" responded 200 in 4.1473 ms
2020-06-18 20:48:35.160 -05:00 [Information] HTTP "GET" "/api/Interes/publicacion/3" responded 200 in 6.5682 ms
2020-06-18 20:48:35.167 -05:00 [Information] HTTP "GET" "/api/CategoriasActividad" responded 200 in 11.6513 ms
2020-06-18 20:48:35.173 -05:00 [Information] HTTP "GET" "/api/Interes/publicacion/7" responded 200 in 18.4475 ms
2020-06-18 20:48:35.174 -05:00 [Information] HTTP "GET" "/api/Publicaciones" responded 200 in 18.3671 ms
2020-06-18 20:48:35.183 -05:00 [Information] HTTP "GET" "/api/Interes/publicacion/8" responded 200 in 27.7163 ms
2020-06-18 20:48:35.461 -05:00 [Information] HTTP "GET" "/api/Interes/publicacion/1" responded 200 in 13.3469 ms
2020-06-18 20:48:35.464 -05:00 [Information] HTTP "GET" "/api/Interes/publicacion/2" responded 200 in 15.6840 ms
2020-06-18 20:48:35.464 -05:00 [Information] HTTP "GET" "/api/Interes/publicacion/3" responded 200 in 15.4282 ms
2020-06-18 20:48:35.464 -05:00 [Information] HTTP "GET" "/api/Interes/publicacion/5" responded 200 in 14.2802 ms
2020-06-18 20:48:35.465 -05:00 [Information] HTTP "GET" "/api/Interes/publicacion/8" responded 200 in 13.5245 ms
2020-06-18 20:48:35.466 -05:00 [Information] HTTP "GET" "/api/Interes/publicacion/6" responded 200 in 15.7696 ms
2020-06-18 20:48:35.466 -05:00 [Information] HTTP "GET" "/api/Interes/publicacion/7" responded 200 in 15.6656 ms
2020-06-18 20:48:35.466 -05:00 [Information] HTTP "GET" "/api/Interes/publicacion/4" responded 200 in 16.9110 ms
2020-06-18 20:48:35.551 -05:00 [Information] HTTP "GET" "/api/Archivo_SitioTuristico/sitio/1/random?1592531315397" responded 200 in 104.3660 ms
2020-06-18 20:48:35.551 -05:00 [Information] HTTP "GET" "/api/Archivo_SitioTuristico/sitio/1/random?1592531315396" responded 200 in 105.8229 ms
2020-06-18 20:48:53.021 -05:00 [Information] HTTP "GET" "/api/CategoriasActividad" responded 200 in 6.2540 ms
2020-06-18 20:48:53.042 -05:00 [Information] HTTP "GET" "/api/Publicaciones" responded 200 in 27.2167 ms
2020-06-18 20:48:53.816 -05:00 [Information] HTTP "GET" "/api/Interes/publicacion/5" responded 200 in 162.0829 ms
2020-06-18 20:48:53.825 -05:00 [Information] HTTP "GET" "/api/Interes/publicacion/6" responded 200 in 170.5060 ms
2020-06-18 20:48:53.850 -05:00 [Information] HTTP "GET" "/api/Interes/publicacion/2" responded 200 in 198.6995 ms
2020-06-18 20:48:53.883 -05:00 [Information] HTTP "GET" "/api/Interes/publicacion/3" responded 200 in 230.2035 ms
2020-06-18 20:48:53.883 -05:00 [Information] HTTP "GET" "/api/Interes/publicacion/1" responded 200 in 231.9541 ms
2020-06-18 20:48:54.017 -05:00 [Information] HTTP "GET" "/api/Interes/publicacion/4" responded 200 in 363.8177 ms
2020-06-18 20:48:54.342 -05:00 [Information] HTTP "GET" "/api/Interes/publicacion/7" responded 200 in 687.5913 ms
2020-06-18 20:48:54.345 -05:00 [Information] HTTP "GET" "/api/Interes/publicacion/8" responded 200 in 672.2774 ms
2020-06-18 20:48:54.410 -05:00 [Information] HTTP "GET" "/api/Archivo_SitioTuristico/sitio/1/random?1592531333490" responded 200 in 765.6095 ms
2020-06-18 20:48:54.411 -05:00 [Information] HTTP "GET" "/api/Archivo_SitioTuristico/sitio/1/random?1592531333502" responded 200 in 760.3285 ms
2020-06-18 20:48:54.421 -05:00 [Information] HTTP "GET" "/api/Archivo_SitioTuristico/sitio/1/random?1592531333497" responded 200 in 774.6067 ms
2020-06-18 20:48:54.422 -05:00 [Information] HTTP "GET" "/api/Archivo_SitioTuristico/sitio/1/random?1592531333501" responded 200 in 773.2609 ms
2020-06-18 20:48:54.462 -05:00 [Information] HTTP "GET" "/api/Archivo_SitioTuristico/sitio/1/random?1592531333495" responded 200 in 816.4276 ms
2020-06-18 20:49:09.041 -05:00 [Information] HTTP "GET" "/api/CategoriasActividad" responded 200 in 3.7271 ms
2020-06-18 20:49:09.067 -05:00 [Information] HTTP "GET" "/api/Publicaciones" responded 200 in 29.3084 ms
2020-06-18 20:49:09.628 -05:00 [Information] HTTP "GET" "/api/Interes/publicacion/5" responded 200 in 68.6367 ms
2020-06-18 20:49:09.630 -05:00 [Information] HTTP "GET" "/api/Interes/publicacion/1" responded 200 in 88.9469 ms
2020-06-18 20:49:09.631 -05:00 [Information] HTTP "GET" "/api/Interes/publicacion/7" responded 200 in 69.9596 ms
2020-06-18 20:49:09.631 -05:00 [Information] HTTP "GET" "/api/Interes/publicacion/2" responded 200 in 82.7533 ms
2020-06-18 20:49:09.631 -05:00 [Information] HTTP "GET" "/api/Interes/publicacion/6" responded 200 in 70.6929 ms
2020-06-18 20:49:09.638 -05:00 [Information] HTTP "GET" "/api/Interes/publicacion/3" responded 200 in 88.2138 ms
2020-06-18 20:49:09.640 -05:00 [Information] HTTP "GET" "/api/Interes/publicacion/4" responded 200 in 80.3639 ms
2020-06-18 20:49:09.679 -05:00 [Information] HTTP "GET" "/api/Interes/publicacion/8" responded 200 in 117.8811 ms
2020-06-18 20:49:09.688 -05:00 [Information] HTTP "GET" "/api/Archivo_SitioTuristico/sitio/1/random?1592531349435" responded 200 in 190.5585 ms
2020-06-18 20:49:09.698 -05:00 [Information] HTTP "GET" "/api/Archivo_SitioTuristico/sitio/1/random?1592531349440" responded 200 in 169.8151 ms
2020-06-18 20:49:09.731 -05:00 [Information] HTTP "GET" "/api/Archivo_SitioTuristico/sitio/1/random?1592531349437" responded 200 in 230.3416 ms
2020-06-18 20:49:09.799 -05:00 [Information] HTTP "GET" "/api/Archivo_SitioTuristico/sitio/1/random?1592531349439" responded 200 in 271.7786 ms
2020-06-18 20:49:09.843 -05:00 [Information] HTTP "GET" "/api/Archivo_SitioTuristico/sitio/1/random?1592531349438" responded 200 in 319.3496 ms
2020-06-18 20:49:17.957 -05:00 [Information] HTTP "GET" "/api/Publicaciones" responded 200 in 28.5483 ms
2020-06-18 20:49:17.960 -05:00 [Information] HTTP "GET" "/api/CategoriasActividad" responded 200 in 30.5905 ms
2020-06-18 20:49:18.815 -05:00 [Information] HTTP "GET" "/api/Interes/publicacion/1" responded 200 in 9.6922 ms
2020-06-18 20:49:18.818 -05:00 [Information] HTTP "GET" "/api/Interes/publicacion/5" responded 200 in 7.3743 ms
2020-06-18 20:49:18.820 -05:00 [Information] HTTP "GET" "/api/Interes/publicacion/8" responded 200 in 9.0267 ms
2020-06-18 20:49:18.820 -05:00 [Information] HTTP "GET" "/api/Interes/publicacion/4" responded 200 in 10.3456 ms
2020-06-18 20:49:18.821 -05:00 [Information] HTTP "GET" "/api/Interes/publicacion/6" responded 200 in 10.0677 ms
2020-06-18 20:49:18.821 -05:00 [Information] HTTP "GET" "/api/Interes/publicacion/2" responded 200 in 12.1862 ms
2020-06-18 20:49:18.822 -05:00 [Information] HTTP "GET" "/api/Interes/publicacion/3" responded 200 in 12.3151 ms
2020-06-18 20:49:18.822 -05:00 [Information] HTTP "GET" "/api/Interes/publicacion/7" responded 200 in 11.0691 ms
2020-06-18 20:49:18.947 -05:00 [Information] HTTP "GET" "/api/Archivo_SitioTuristico/sitio/1/random?1592531358740" responded 200 in 151.1051 ms
2020-06-18 20:49:18.975 -05:00 [Information] HTTP "GET" "/api/Archivo_SitioTuristico/sitio/1/random?1592531358739" responded 200 in 183.9658 ms
2020-06-18 20:49:18.980 -05:00 [Information] HTTP "GET" "/api/Archivo_SitioTuristico/sitio/1/random?1592531358738" responded 200 in 192.7612 ms
2020-06-18 20:49:19.009 -05:00 [Information] HTTP "GET" "/api/Archivo_SitioTuristico/sitio/1/random?1592531358736" responded 200 in 226.1582 ms
2020-06-18 20:49:19.058 -05:00 [Information] HTTP "GET" "/api/Archivo_SitioTuristico/sitio/1/random?1592531358741" responded 200 in 257.6758 ms
2020-06-18 20:49:39.167 -05:00 [Information] HTTP "GET" "/api/CategoriasActividad" responded 200 in 1.7956 ms
2020-06-18 20:49:39.168 -05:00 [Information] HTTP "GET" "/api/Publicaciones" responded 200 in 2.5600 ms
2020-06-18 20:49:40.105 -05:00 [Information] HTTP "GET" "/api/Interes/publicacion/5" responded 200 in 12.9973 ms
2020-06-18 20:49:40.106 -05:00 [Information] HTTP "GET" "/api/Interes/publicacion/6" responded 200 in 13.4018 ms
2020-06-18 20:49:40.106 -05:00 [Information] HTTP "GET" "/api/Interes/publicacion/4" responded 200 in 14.3557 ms
2020-06-18 20:49:40.106 -05:00 [Information] HTTP "GET" "/api/Interes/publicacion/1" responded 200 in 15.1724 ms
2020-06-18 20:49:40.107 -05:00 [Information] HTTP "GET" "/api/Interes/publicacion/3" responded 200 in 15.1219 ms
2020-06-18 20:49:40.107 -05:00 [Information] HTTP "GET" "/api/Interes/publicacion/2" responded 200 in 15.5542 ms
2020-06-18 20:49:40.112 -05:00 [Information] HTTP "GET" "/api/Interes/publicacion/8" responded 200 in 19.8446 ms
2020-06-18 20:49:40.178 -05:00 [Information] HTTP "GET" "/api/Interes/publicacion/7" responded 200 in 85.3476 ms
2020-06-18 20:49:40.269 -05:00 [Information] HTTP "GET" "/api/Archivo_SitioTuristico/sitio/1/random?1592531380015" responded 200 in 183.3363 ms
2020-06-18 20:49:40.294 -05:00 [Information] HTTP "GET" "/api/Archivo_SitioTuristico/sitio/1/random?1592531380012" responded 200 in 219.5454 ms
2020-06-18 20:49:40.324 -05:00 [Information] HTTP "GET" "/api/Archivo_SitioTuristico/sitio/1/random?1592531380014" responded 200 in 240.4691 ms
2020-06-18 20:49:40.324 -05:00 [Information] HTTP "GET" "/api/Archivo_SitioTuristico/sitio/1/random?1592531380016" responded 200 in 237.3757 ms
2020-06-18 20:49:40.336 -05:00 [Information] HTTP "GET" "/api/Archivo_SitioTuristico/sitio/1/random?1592531380013" responded 200 in 258.1705 ms
2020-06-18 20:49:40.336 -05:00 [Information] HTTP "GET" "/api/Archivo_SitioTuristico/sitio/1/random?1592531380011" responded 200 in 263.8434 ms
2020-06-18 20:49:56.900 -05:00 [Information] HTTP "OPTIONS" "/api/SitiosTuristicos" responded 204 in 0.1188 ms
2020-06-18 20:49:56.978 -05:00 [Information] HTTP "POST" "/api/SitiosTuristicos" responded 201 in 72.1922 ms
2020-06-18 20:49:57.119 -05:00 [Information] HTTP "OPTIONS" "/api/Usuarios/rol/4" responded 204 in 0.5027 ms
2020-06-18 20:49:57.371 -05:00 [Information] HTTP "PUT" "/api/Usuarios/rol/4" responded 204 in 241.7640 ms
2020-06-18 20:50:10.294 -05:00 [Information] HTTP "POST" "/api/Archivo_SitioTuristico" responded 201 in 770.0539 ms
2020-06-18 20:50:10.344 -05:00 [Information] HTTP "GET" "/api/Archivo_SitioTuristico/9" responded 200 in 19.6058 ms
2020-06-18 20:50:11.397 -05:00 [Information] HTTP "GET" "/api/SitiosTuristicos/propietario/4" responded 200 in 83.0831 ms
2020-06-18 20:50:11.448 -05:00 [Information] HTTP "GET" "/api/Archivo_SitioTuristico/sitio/2/random?1592531411425" responded 200 in 3.2549 ms
2020-06-18 20:50:13.445 -05:00 [Information] HTTP "GET" "/api/Interes/publicacion/2" responded 200 in 17.5375 ms
2020-06-18 20:50:13.446 -05:00 [Information] HTTP "GET" "/api/CategoriasActividad" responded 200 in 12.7420 ms
2020-06-18 20:50:13.446 -05:00 [Information] HTTP "GET" "/api/Interes/publicacion/3" responded 200 in 17.4421 ms
2020-06-18 20:50:13.454 -05:00 [Information] HTTP "GET" "/api/Interes/publicacion/4" responded 200 in 24.7798 ms
2020-06-18 20:50:13.454 -05:00 [Information] HTTP "GET" "/api/Interes/publicacion/1" responded 200 in 26.5518 ms
2020-06-18 20:50:13.455 -05:00 [Information] HTTP "GET" "/api/Interes/publicacion/7" responded 200 in 23.2652 ms
2020-06-18 20:50:13.468 -05:00 [Information] HTTP "GET" "/api/Interes/publicacion/6" responded 200 in 37.8919 ms
2020-06-18 20:50:13.468 -05:00 [Information] HTTP "GET" "/api/Interes/publicacion/8" responded 200 in 35.8770 ms
2020-06-18 20:50:13.473 -05:00 [Information] HTTP "GET" "/api/Interes/publicacion/5" responded 200 in 43.9733 ms
2020-06-18 20:50:13.494 -05:00 [Information] HTTP "GET" "/api/Publicaciones" responded 200 in 60.5174 ms
2020-06-18 20:50:13.751 -05:00 [Information] HTTP "GET" "/api/Interes/publicacion/4" responded 200 in 3.7699 ms
2020-06-18 20:50:13.751 -05:00 [Information] HTTP "GET" "/api/Interes/publicacion/2" responded 200 in 4.5648 ms
2020-06-18 20:50:13.752 -05:00 [Information] HTTP "GET" "/api/Interes/publicacion/1" responded 200 in 5.3781 ms
2020-06-18 20:50:13.752 -05:00 [Information] HTTP "GET" "/api/Interes/publicacion/6" responded 200 in 3.9788 ms
2020-06-18 20:50:13.752 -05:00 [Information] HTTP "GET" "/api/Interes/publicacion/5" responded 200 in 4.7128 ms
2020-06-18 20:50:13.755 -05:00 [Information] HTTP "GET" "/api/Interes/publicacion/3" responded 200 in 7.6628 ms
2020-06-18 20:50:13.757 -05:00 [Information] HTTP "GET" "/api/Interes/publicacion/7" responded 200 in 8.5282 ms
2020-06-18 20:50:13.762 -05:00 [Information] HTTP "GET" "/api/Interes/publicacion/8" responded 200 in 13.2394 ms
2020-06-18 20:50:13.886 -05:00 [Information] HTTP "GET" "/api/Archivo_SitioTuristico/sitio/1/random?1592531413685" responded 200 in 139.3976 ms
2020-06-18 20:50:13.924 -05:00 [Information] HTTP "GET" "/api/Archivo_SitioTuristico/sitio/1/random?1592531413684" responded 200 in 179.6488 ms
2020-06-18 20:50:21.786 -05:00 [Information] HTTP "GET" "/api/SitiosTuristicos/propietario/4" responded 200 in 13.8502 ms
2020-06-18 20:50:21.786 -05:00 [Information] HTTP "GET" "/api/CategoriasActividad" responded 200 in 9.2179 ms
2020-06-18 20:50:21.794 -05:00 [Information] HTTP "GET" "/api/SitiosTuristicos/propietario/4" responded 200 in 19.7366 ms
2020-06-18 20:50:29.464 -05:00 [Information] HTTP "OPTIONS" "/api/Publicaciones/" responded 204 in 0.2407 ms
2020-06-18 20:50:29.546 -05:00 [Information] HTTP "POST" "/api/Publicaciones/" responded 201 in 76.2604 ms
2020-06-18 20:50:29.673 -05:00 [Information] HTTP "GET" "/api/Publicaciones/actividades/9" responded 200 in 61.8828 ms
2020-06-18 20:50:37.412 -05:00 [Information] HTTP "OPTIONS" "/api/Actividades" responded 204 in 0.1383 ms
2020-06-18 20:50:37.462 -05:00 [Information] HTTP "POST" "/api/Actividades" responded 201 in 40.6787 ms
2020-06-18 20:50:37.508 -05:00 [Information] HTTP "GET" "/api/Publicaciones/actividades/9" responded 200 in 4.9896 ms
2020-06-18 20:50:38.909 -05:00 [Information] HTTP "GET" "/api/Archivo_SitioTuristico/sitio/1/random?1592531438822" responded 200 in 68.2461 ms
2020-06-18 20:50:38.948 -05:00 [Information] HTTP "GET" "/api/Archivo_SitioTuristico/sitio/1/random?1592531438823" responded 200 in 105.7609 ms
2020-06-18 20:50:39.093 -05:00 [Information] HTTP "GET" "/api/Publicaciones/propietario/4" responded 200 in 243.3796 ms
2020-06-18 20:50:39.241 -05:00 [Information] HTTP "GET" "/api/Archivo_SitioTuristico/sitio/2/random?1592531439204" responded 200 in 14.4327 ms
2020-06-18 20:50:42.522 -05:00 [Information] HTTP "GET" "/api/CategoriasActividad" responded 200 in 1.2217 ms
2020-06-18 20:50:42.522 -05:00 [Information] HTTP "GET" "/api/Interes/publicacion/9" responded 200 in 1.9432 ms
2020-06-18 20:50:42.545 -05:00 [Information] HTTP "GET" "/api/Publicaciones" responded 200 in 11.4849 ms
2020-06-18 20:50:42.631 -05:00 [Information] HTTP "GET" "/api/Interes/publicacion/9" responded 200 in 7.8179 ms
2020-06-18 20:50:42.640 -05:00 [Information] HTTP "GET" "/api/Archivo_SitioTuristico/sitio/2/random?1592531442606" responded 200 in 18.0667 ms
2020-06-18 20:50:42.912 -05:00 [Information] HTTP "GET" "/api/Interes/publicacion/2" responded 200 in 14.6761 ms
2020-06-18 20:50:42.913 -05:00 [Information] HTTP "GET" "/api/Interes/publicacion/1" responded 200 in 21.5659 ms
2020-06-18 20:50:42.914 -05:00 [Information] HTTP "GET" "/api/Interes/publicacion/7" responded 200 in 13.6701 ms
2020-06-18 20:50:42.914 -05:00 [Information] HTTP "GET" "/api/Interes/publicacion/3" responded 200 in 14.9215 ms
2020-06-18 20:50:42.916 -05:00 [Information] HTTP "GET" "/api/Interes/publicacion/8" responded 200 in 15.0428 ms
2020-06-18 20:50:42.917 -05:00 [Information] HTTP "GET" "/api/Interes/publicacion/4" responded 200 in 17.7802 ms
2020-06-18 20:50:42.920 -05:00 [Information] HTTP "GET" "/api/Interes/publicacion/5" responded 200 in 20.2869 ms
2020-06-18 20:50:42.928 -05:00 [Information] HTTP "GET" "/api/Interes/publicacion/6" responded 200 in 27.7811 ms
2020-06-18 20:50:43.176 -05:00 [Information] HTTP "GET" "/api/Archivo_SitioTuristico/sitio/1/random?1592531442774" responded 200 in 286.5512 ms
2020-06-18 20:50:43.220 -05:00 [Information] HTTP "GET" "/api/Archivo_SitioTuristico/sitio/1/random?1592531442772" responded 200 in 338.0544 ms
2020-06-18 20:50:43.241 -05:00 [Information] HTTP "GET" "/api/Archivo_SitioTuristico/sitio/1/random?1592531442773" responded 200 in 354.3779 ms
