2020-06-14 15:17:59.844 -05:00 [Information] Iniciando aplicación ...
2020-06-14 15:19:08.682 -05:00 [Information] HTTP "GET" "/api/Publicaciones" responded 200 in 2812.4705 ms
2020-06-14 15:19:08.682 -05:00 [Information] HTTP "GET" "/api/CategoriasActividad" responded 200 in 2812.4742 ms
2020-06-14 15:19:08.682 -05:00 [Information] HTTP "GET" "/api/Publicaciones" responded 200 in 2812.4585 ms
2020-06-14 15:19:08.682 -05:00 [Information] HTTP "GET" "/api/CategoriasActividad" responded 200 in 2812.4719 ms
2020-06-14 15:19:09.297 -05:00 [Information] HTTP "GET" "/api/Archivo_SitioTuristico/sitio/2/random?1592165948905" responded 404 in 290.5998 ms
2020-06-14 15:19:09.298 -05:00 [Information] HTTP "GET" "/api/Archivo_SitioTuristico/sitio/1/random?1592165948906" responded 404 in 283.4576 ms
2020-06-14 15:19:09.461 -05:00 [Information] HTTP "GET" "/api/Archivo_SitioTuristico/sitio/5/random?1592165948908" responded 200 in 445.1993 ms
2020-06-14 15:19:09.497 -05:00 [Information] HTTP "GET" "/api/Archivo_SitioTuristico/sitio/4/random?1592165948908" responded 200 in 481.9259 ms
2020-06-14 15:19:09.505 -05:00 [Information] HTTP "GET" "/api/Archivo_SitioTuristico/sitio/6/random?1592165948908" responded 200 in 489.0077 ms
2020-06-14 15:19:09.684 -05:00 [Information] HTTP "GET" "/api/Archivo_SitioTuristico/sitio/3/random?1592165948908" responded 200 in 668.7718 ms
2020-06-14 15:19:18.327 -05:00 [Information] HTTP "GET" "/api/CategoriasActividad" responded 200 in 34.0188 ms
2020-06-14 15:19:18.346 -05:00 [Information] HTTP "GET" "/api/CategoriasActividad" responded 200 in 40.9756 ms
2020-06-14 15:19:18.358 -05:00 [Information] HTTP "GET" "/api/Publicaciones" responded 200 in 57.6552 ms
2020-06-14 15:19:18.368 -05:00 [Information] HTTP "GET" "/api/Publicaciones" responded 200 in 76.2784 ms
2020-06-14 15:19:18.672 -05:00 [Information] HTTP "GET" "/api/Archivo_SitioTuristico/sitio/1/random?1592165958603" responded 404 in 11.4103 ms
2020-06-14 15:19:18.672 -05:00 [Information] HTTP "GET" "/api/Archivo_SitioTuristico/sitio/2/random?1592165958603" responded 404 in 18.7893 ms
2020-06-14 15:19:18.707 -05:00 [Information] HTTP "GET" "/api/Archivo_SitioTuristico/sitio/4/random?1592165958604" responded 200 in 45.3563 ms
2020-06-14 15:19:18.708 -05:00 [Information] HTTP "GET" "/api/Archivo_SitioTuristico/sitio/6/random?1592165958604" responded 200 in 39.9448 ms
2020-06-14 15:19:18.714 -05:00 [Information] HTTP "GET" "/api/Archivo_SitioTuristico/sitio/5/random?1592165958604" responded 200 in 52.7546 ms
2020-06-14 15:19:18.941 -05:00 [Information] HTTP "GET" "/api/Archivo_SitioTuristico/sitio/3/random?1592165958604" responded 200 in 280.1980 ms
2020-06-14 15:19:55.206 -05:00 [Information] HTTP "GET" "/api/CategoriasActividad" responded 200 in 12.0766 ms
2020-06-14 15:19:55.218 -05:00 [Information] HTTP "GET" "/api/CategoriasActividad" responded 200 in 9.2015 ms
2020-06-14 15:19:55.235 -05:00 [Information] HTTP "GET" "/api/Publicaciones" responded 200 in 40.7960 ms
2020-06-14 15:19:55.244 -05:00 [Information] HTTP "GET" "/api/Publicaciones" responded 200 in 7.4975 ms
2020-06-14 15:19:55.391 -05:00 [Information] HTTP "GET" "/api/Archivo_SitioTuristico/sitio/1/random?1592165995339" responded 404 in 18.1976 ms
2020-06-14 15:19:55.404 -05:00 [Information] HTTP "GET" "/api/Archivo_SitioTuristico/sitio/2/random?1592165995339" responded 404 in 30.6496 ms
2020-06-14 15:19:55.413 -05:00 [Information] HTTP "GET" "/api/Archivo_SitioTuristico/sitio/6/random?1592165995339" responded 200 in 35.9129 ms
2020-06-14 15:19:55.423 -05:00 [Information] HTTP "GET" "/api/Archivo_SitioTuristico/sitio/4/random?1592165995339" responded 200 in 46.6561 ms
2020-06-14 15:19:55.425 -05:00 [Information] HTTP "GET" "/api/Archivo_SitioTuristico/sitio/5/random?1592165995339" responded 200 in 47.2869 ms
2020-06-14 15:19:55.669 -05:00 [Information] HTTP "GET" "/api/Archivo_SitioTuristico/sitio/3/random?1592165995339" responded 200 in 293.2653 ms
2020-06-14 15:20:05.576 -05:00 [Information] HTTP "GET" "/api/CategoriasActividad" responded 200 in 13.5972 ms
2020-06-14 15:20:05.585 -05:00 [Information] HTTP "GET" "/api/CategoriasActividad" responded 200 in 5.9771 ms
2020-06-14 15:20:05.711 -05:00 [Information] HTTP "GET" "/api/Publicaciones/region?region=Regi%C3%B3n+Llano" responded 200 in 149.8879 ms
2020-06-14 15:20:05.719 -05:00 [Information] HTTP "GET" "/api/Archivo_SitioTuristico/sitio/2/random?1592166005678" responded 404 in 15.4391 ms
2020-06-14 15:20:05.720 -05:00 [Information] HTTP "GET" "/api/Archivo_SitioTuristico/sitio/1/random?1592166005678" responded 404 in 7.5987 ms
2020-06-14 15:20:05.755 -05:00 [Information] HTTP "GET" "/api/Archivo_SitioTuristico/sitio/4/random?1592166005679" responded 200 in 42.1470 ms
2020-06-14 15:20:05.762 -05:00 [Information] HTTP "GET" "/api/Archivo_SitioTuristico/sitio/6/random?1592166005679" responded 200 in 43.8744 ms
2020-06-14 15:20:05.763 -05:00 [Information] HTTP "GET" "/api/Archivo_SitioTuristico/sitio/5/random?1592166005679" responded 200 in 47.7272 ms
2020-06-14 15:20:06.014 -05:00 [Information] HTTP "GET" "/api/Archivo_SitioTuristico/sitio/3/random?1592166005679" responded 200 in 302.3883 ms
2020-06-14 15:20:12.744 -05:00 [Information] HTTP "GET" "/api/CategoriasActividad" responded 200 in 6.6372 ms
2020-06-14 15:20:12.749 -05:00 [Information] HTTP "GET" "/api/CategoriasActividad" responded 200 in 2.4284 ms
2020-06-14 15:20:12.750 -05:00 [Information] HTTP "GET" "/api/Publicaciones/region?region=Regi%C3%B3n+Centro+Oriente" responded 200 in 13.0751 ms
2020-06-14 15:20:12.844 -05:00 [Information] HTTP "GET" "/api/Archivo_SitioTuristico/sitio/2/random?1592166012827" responded 404 in 1.9889 ms
2020-06-14 15:20:12.944 -05:00 [Information] HTTP "GET" "/api/Archivo_SitioTuristico/sitio/1/random?1592166012920" responded 404 in 1.9531 ms
2020-06-14 15:20:12.971 -05:00 [Information] HTTP "GET" "/api/Archivo_SitioTuristico/sitio/4/random?1592166012921" responded 200 in 28.6193 ms
2020-06-14 15:20:12.974 -05:00 [Information] HTTP "GET" "/api/Archivo_SitioTuristico/sitio/5/random?1592166012921" responded 200 in 31.8965 ms
2020-06-14 15:20:22.921 -05:00 [Information] HTTP "GET" "/api/CategoriasActividad" responded 200 in 6.6631 ms
2020-06-14 15:20:22.921 -05:00 [Information] HTTP "GET" "/api/Publicaciones/region?region=Regi%C3%B3n+Caribe" responded 200 in 6.6232 ms
2020-06-14 15:20:22.921 -05:00 [Information] HTTP "GET" "/api/CategoriasActividad" responded 200 in 6.5196 ms
2020-06-14 15:20:23.054 -05:00 [Information] HTTP "GET" "/api/Archivo_SitioTuristico/sitio/1/random?1592166023020" responded 404 in 14.7749 ms
2020-06-14 15:20:23.098 -05:00 [Information] HTTP "GET" "/api/Archivo_SitioTuristico/sitio/5/random?1592166023020" responded 200 in 48.1490 ms
2020-06-14 15:20:23.099 -05:00 [Information] HTTP "GET" "/api/Archivo_SitioTuristico/sitio/4/random?1592166023020" responded 200 in 52.3438 ms
2020-06-14 15:20:23.157 -05:00 [Information] HTTP "GET" "/api/Archivo_SitioTuristico/sitio/6/random?1592166023111" responded 200 in 19.5796 ms
2020-06-14 15:20:23.287 -05:00 [Information] HTTP "GET" "/api/Archivo_SitioTuristico/sitio/3/random?1592166023111" responded 200 in 152.4331 ms
2020-06-14 15:20:33.994 -05:00 [Information] HTTP "GET" "/api/CategoriasActividad" responded 200 in 7.1555 ms
2020-06-14 15:20:34.004 -05:00 [Information] HTTP "GET" "/api/CategoriasActividad" responded 200 in 13.3740 ms
2020-06-14 15:20:34.007 -05:00 [Information] HTTP "GET" "/api/Publicaciones/region?region=Regi%C3%B3n+Centro+Sur" responded 200 in 17.3895 ms
2020-06-14 15:20:34.165 -05:00 [Information] HTTP "GET" "/api/Archivo_SitioTuristico/sitio/6/random?1592166034084" responded 200 in 39.1558 ms
2020-06-14 15:20:34.302 -05:00 [Information] HTTP "GET" "/api/Archivo_SitioTuristico/sitio/3/random?1592166034084" responded 200 in 178.1416 ms
2020-06-14 15:20:39.713 -05:00 [Information] HTTP "GET" "/api/CategoriasActividad" responded 200 in 6.4539 ms
2020-06-14 15:20:39.719 -05:00 [Information] HTTP "GET" "/api/CategoriasActividad" responded 200 in 15.5355 ms
2020-06-14 15:20:39.734 -05:00 [Information] HTTP "GET" "/api/Publicaciones/region?region=Regi%C3%B3n+Eje+Cafetero+-+Antioquia" responded 200 in 28.8221 ms
2020-06-14 15:31:45.284 -05:00 [Information] HTTP "OPTIONS" "/api/SitiosTuristicos" responded 204 in 0.6859 ms
2020-06-14 15:31:45.578 -05:00 [Information] HTTP "POST" "/api/SitiosTuristicos" responded 201 in 289.2183 ms
2020-06-14 15:31:45.659 -05:00 [Information] HTTP "OPTIONS" "/api/Usuarios/rol/3021" responded 204 in 0.1820 ms
2020-06-14 15:31:45.817 -05:00 [Information] HTTP "PUT" "/api/Usuarios/rol/3021" responded 204 in 149.1682 ms
2020-06-14 15:31:52.006 -05:00 [Information] HTTP "POST" "/api/Archivo_SitioTuristico" responded 201 in 180.9550 ms
2020-06-14 15:31:52.111 -05:00 [Information] HTTP "GET" "/api/Archivo_SitioTuristico/13" responded 200 in 59.3021 ms
2020-06-14 15:31:54.132 -05:00 [Information] HTTP "GET" "/api/SitiosTuristicos/propietario/3021" responded 200 in 53.7624 ms
2020-06-14 15:31:54.170 -05:00 [Information] HTTP "GET" "/api/Archivo_SitioTuristico/sitio/7/random?1592166714154" responded 200 in 7.1115 ms
2020-06-14 15:32:08.907 -05:00 [Information] HTTP "GET" "/api/Publicaciones/propietario/3021" responded 200 in 47.6882 ms
2020-06-14 15:32:10.822 -05:00 [Information] HTTP "GET" "/api/Archivo_SitioTuristico/sitio/7/random?1592166730801" responded 200 in 9.0102 ms
2020-06-14 15:32:10.828 -05:00 [Information] HTTP "GET" "/api/SitiosTuristicos/propietario/3021" responded 200 in 7.0068 ms
2020-06-14 15:32:13.275 -05:00 [Information] HTTP "GET" "/api/Publicaciones/propietario/3021" responded 200 in 2.9199 ms
2020-06-14 15:32:18.146 -05:00 [Information] HTTP "GET" "/api/CategoriasActividad" responded 200 in 5.0109 ms
2020-06-14 15:32:18.156 -05:00 [Information] HTTP "GET" "/api/CategoriasActividad" responded 200 in 4.0928 ms
2020-06-14 15:32:18.186 -05:00 [Information] HTTP "GET" "/api/Publicaciones" responded 200 in 45.1540 ms
2020-06-14 15:32:18.219 -05:00 [Information] HTTP "GET" "/api/Publicaciones" responded 200 in 13.0388 ms
2020-06-14 15:32:18.398 -05:00 [Information] HTTP "GET" "/api/Archivo_SitioTuristico/sitio/2/random?1592166738334" responded 404 in 8.7698 ms
2020-06-14 15:32:18.398 -05:00 [Information] HTTP "GET" "/api/Archivo_SitioTuristico/sitio/1/random?1592166738335" responded 404 in 6.7905 ms
2020-06-14 15:32:18.450 -05:00 [Information] HTTP "GET" "/api/Archivo_SitioTuristico/sitio/6/random?1592166738335" responded 200 in 53.4137 ms
2020-06-14 15:32:18.479 -05:00 [Information] HTTP "GET" "/api/Archivo_SitioTuristico/sitio/4/random?1592166738335" responded 200 in 86.1556 ms
2020-06-14 15:32:18.554 -05:00 [Information] HTTP "GET" "/api/Archivo_SitioTuristico/sitio/5/random?1592166738335" responded 200 in 160.0060 ms
2020-06-14 15:32:18.703 -05:00 [Information] HTTP "GET" "/api/Archivo_SitioTuristico/sitio/3/random?1592166738335" responded 200 in 310.3185 ms
2020-06-14 15:32:22.901 -05:00 [Information] HTTP "GET" "/api/Archivo_SitioTuristico/sitio/2/random?1592166742871" responded 404 in 4.1857 ms
2020-06-14 15:32:22.902 -05:00 [Information] HTTP "GET" "/api/Archivo_SitioTuristico/sitio/1/random?1592166742871" responded 404 in 4.2834 ms
2020-06-14 15:32:22.909 -05:00 [Information] HTTP "GET" "/api/Publicaciones/propietario/3021" responded 200 in 9.2710 ms
2020-06-14 15:32:23.004 -05:00 [Information] HTTP "GET" "/api/Archivo_SitioTuristico/sitio/4/random?1592166742871" responded 200 in 104.5509 ms
2020-06-14 15:32:23.072 -05:00 [Information] HTTP "GET" "/api/Archivo_SitioTuristico/sitio/5/random?1592166742871" responded 200 in 171.9258 ms
2020-06-14 15:32:23.109 -05:00 [Information] HTTP "GET" "/api/Archivo_SitioTuristico/sitio/6/random?1592166742871" responded 200 in 209.3872 ms
2020-06-14 15:32:23.243 -05:00 [Information] HTTP "GET" "/api/Archivo_SitioTuristico/sitio/3/random?1592166742871" responded 200 in 343.8203 ms
2020-06-14 15:32:24.182 -05:00 [Information] HTTP "GET" "/api/SitiosTuristicos/propietario/3021" responded 200 in 2.4385 ms
2020-06-14 15:32:24.182 -05:00 [Information] HTTP "GET" "/api/Archivo_SitioTuristico/sitio/7/random?1592166744167" responded 200 in 3.0396 ms
2020-06-14 15:32:24.782 -05:00 [Information] HTTP "GET" "/api/Publicaciones/propietario/3021" responded 200 in 1.6709 ms
2020-06-14 15:32:27.976 -05:00 [Information] HTTP "GET" "/api/SitiosTuristicos/propietario/3021" responded 200 in 7.5857 ms
2020-06-14 15:32:27.982 -05:00 [Information] HTTP "GET" "/api/Archivo_SitioTuristico/sitio/7/random?1592166747953" responded 200 in 13.1507 ms
2020-06-14 15:32:31.332 -05:00 [Information] HTTP "GET" "/api/SitiosTuristicos/7" responded 200 in 84.1834 ms
2020-06-14 15:32:33.819 -05:00 [Information] HTTP "OPTIONS" "/api/SitiosTuristicos/7" responded 204 in 0.1131 ms
2020-06-14 15:32:33.896 -05:00 [Information] HTTP "PUT" "/api/SitiosTuristicos/7" responded 204 in 72.2211 ms
